2023-12-14 16:46:46,855 [INFO] Activator:176 - 


2023-12-14 16:46:46,865 [INFO] Activator:177 - !SESSION log4j initialized
2023-12-14 16:46:55,950 [INFO] LogOutputStream:77 - [STDOUT_REDIRECT] 
2023-12-14 16:46:58,649 [INFO] ApplicationProperties:184 - Using Application install path: D:\Courses\ES\Cube IDE\Install\STM32CubeIDE_1.13.2\STM32CubeIDE\plugins\com.st.stm32cube.common.mx_6.9.2.202309101412
2023-12-14 16:46:58,675 [INFO] DbMcusXml:78 - Set database path to: D:\Courses\ES\Cube IDE\Install\STM32CubeIDE_1.13.2\STM32CubeIDE\plugins\com.st.stm32cube.common.mx_6.9.2.202309101412\\db\/mcu/
2023-12-14 16:46:58,676 [INFO] ApiDb:274 - Set plugin database path to: D:\Courses\ES\Cube IDE\Install\STM32CubeIDE_1.13.2\STM32CubeIDE\plugins\com.st.stm32cube.common.mx_6.9.2.202309101412\\db\/plugins/boardmanager/
2023-12-14 16:46:58,677 [WARN] ApiDb:259 - Overriding images path with different value:  => D:\Courses\ES\Cube IDE\Install\STM32CubeIDE_1.13.2\STM32CubeIDE\plugins\com.st.stm32cube.common.mx_6.9.2.202309101412\\db\/plugins/mcufinder/images/
2023-12-14 16:46:58,691 [INFO] ApiDb:250 - Set database path to: C:\Users\moham\.stmcufinder\plugins\mcufinder//mcu/
2023-12-14 16:46:58,692 [INFO] DbMcusAds:125 - Set database path to: C:\Users\moham\.stmcufinder\plugins\mcufinder//mcu/
2023-12-14 16:46:58,695 [INFO] CrossReferenceDbSqlite:203 - Set database path to: C:\Users\moham\.stmcufinder\plugins\mcufinder//mcu/cs/
2023-12-14 16:46:58,846 [INFO] RulesReader:64 - Compatibility file has been processed (293 Rules)
2023-12-14 16:46:58,963 [INFO] DbMcusXml:78 - Set database path to: D:\Courses\ES\Cube IDE\Install\STM32CubeIDE_1.13.2\STM32CubeIDE\plugins\com.st.stm32cube.common.mx_6.9.2.202309101412\\db\/mcu/
2023-12-14 16:46:58,964 [INFO] ApiDb:274 - Set plugin database path to: D:\Courses\ES\Cube IDE\Install\STM32CubeIDE_1.13.2\STM32CubeIDE\plugins\com.st.stm32cube.common.mx_6.9.2.202309101412\\db\/plugins/boardmanager/
2023-12-14 16:46:58,964 [INFO] ApiDb:261 - Set plugin images path to: D:\Courses\ES\Cube IDE\Install\STM32CubeIDE_1.13.2\STM32CubeIDE\plugins\com.st.stm32cube.common.mx_6.9.2.202309101412\\db\/plugins/mcufinder/images/
2023-12-14 16:46:58,964 [WARN] DbFile:41 - Overriding database path with different value: C:\Users\moham\.stmcufinder\plugins\mcufinder/ => C:\Users\moham\.stmcufinder\plugins\mcufinder
2023-12-14 16:46:58,964 [INFO] ApiDb:250 - Set database path to: C:\Users\moham\.stmcufinder\plugins\mcufinder//mcu/
2023-12-14 16:46:58,965 [WARN] DbFile:41 - Overriding database path with different value: C:\Users\moham\.stmcufinder\plugins\mcufinder/ => C:\Users\moham\.stmcufinder\plugins\mcufinder
2023-12-14 16:46:58,965 [INFO] DbMcusAds:125 - Set database path to: C:\Users\moham\.stmcufinder\plugins\mcufinder//mcu/
2023-12-14 16:46:58,965 [WARN] DbFile:41 - Overriding database path with different value: C:\Users\moham\.stmcufinder\plugins\mcufinder/ => C:\Users\moham\.stmcufinder\plugins\mcufinder
2023-12-14 16:46:58,965 [WARN] DbFile:41 - Overriding database path with different value: C:\Users\moham\.stmcufinder\plugins\mcufinder/ => C:\Users\moham\.stmcufinder\plugins\mcufinder
2023-12-14 16:46:58,965 [INFO] CrossReferenceDbSqlite:203 - Set database path to: C:\Users\moham\.stmcufinder\plugins\mcufinder//mcu/cs/
2023-12-14 16:46:59,073 [INFO] MainPanel:262 - HeapMemory: 268435456
2023-12-14 16:46:59,202 [INFO] DbMcusXml:78 - Set database path to: D:\Courses\ES\Cube IDE\Install\STM32CubeIDE_1.13.2\STM32CubeIDE\plugins\com.st.stm32cube.common.mx_6.9.2.202309101412\\db\/mcu/
2023-12-14 16:46:59,203 [INFO] ApiDb:274 - Set plugin database path to: D:\Courses\ES\Cube IDE\Install\STM32CubeIDE_1.13.2\STM32CubeIDE\plugins\com.st.stm32cube.common.mx_6.9.2.202309101412\\db\/plugins/boardmanager/
2023-12-14 16:46:59,203 [INFO] ApiDb:261 - Set plugin images path to: D:\Courses\ES\Cube IDE\Install\STM32CubeIDE_1.13.2\STM32CubeIDE\plugins\com.st.stm32cube.common.mx_6.9.2.202309101412\\db\/plugins/mcufinder/images/
2023-12-14 16:46:59,203 [WARN] DbFile:41 - Overriding database path with different value: C:\Users\moham\.stmcufinder\plugins\mcufinder/ => C:\Users\moham\.stmcufinder\plugins\mcufinder
2023-12-14 16:46:59,204 [INFO] ApiDb:250 - Set database path to: C:\Users\moham\.stmcufinder\plugins\mcufinder//mcu/
2023-12-14 16:46:59,204 [WARN] DbFile:41 - Overriding database path with different value: C:\Users\moham\.stmcufinder\plugins\mcufinder/ => C:\Users\moham\.stmcufinder\plugins\mcufinder
2023-12-14 16:46:59,204 [INFO] DbMcusAds:125 - Set database path to: C:\Users\moham\.stmcufinder\plugins\mcufinder//mcu/
2023-12-14 16:46:59,204 [WARN] DbFile:41 - Overriding database path with different value: C:\Users\moham\.stmcufinder\plugins\mcufinder/ => C:\Users\moham\.stmcufinder\plugins\mcufinder
2023-12-14 16:46:59,204 [WARN] DbFile:41 - Overriding database path with different value: C:\Users\moham\.stmcufinder\plugins\mcufinder/ => C:\Users\moham\.stmcufinder\plugins\mcufinder
2023-12-14 16:46:59,204 [INFO] CrossReferenceDbSqlite:203 - Set database path to: C:\Users\moham\.stmcufinder\plugins\mcufinder//mcu/cs/
2023-12-14 16:46:59,229 [INFO] ApplicationProperties:184 - Using Application install path: D:\Courses\ES\Cube IDE\Install\STM32CubeIDE_1.13.2\STM32CubeIDE\plugins\com.st.stm32cube.common.mx_6.9.2.202309101412
2023-12-14 16:46:59,231 [INFO] PluginManage:196 - Search for loadable plugins [exclusion list=, ]
2023-12-14 16:46:59,233 [INFO] PluginManage:310 - Check plugin analytics
2023-12-14 16:46:59,436 [INFO] AnalyticsPlugin:253 - Accepted Software Licenses: 
2023-12-14 16:46:59,436 [INFO] AnalyticsPlugin:255 - Accepted CMSIS Pack Licenses: 
2023-12-14 16:46:59,437 [INFO] AnalyticsPlugin:257 - Accepted Firmware Licenses: 
2023-12-14 16:46:59,440 [INFO] PluginManage:359 - Loaded plugin analytics (category:tool,tabindex:-1)
2023-12-14 16:46:59,440 [INFO] PluginManage:310 - Check plugin cadmodel
2023-12-14 16:46:59,461 [INFO] CADModel:105 - Init CAD model plugin
2023-12-14 16:46:59,461 [INFO] PluginManage:359 - Loaded plugin cadmodel (category:power,tabindex:5)
2023-12-14 16:46:59,462 [INFO] PluginManage:310 - Check plugin clock
2023-12-14 16:46:59,489 [INFO] PluginManage:359 - Loaded plugin clock (category:base,tabindex:2)
2023-12-14 16:46:59,489 [INFO] PluginManage:310 - Check plugin ddr
2023-12-14 16:46:59,492 [INFO] PluginManage:359 - Loaded plugin ddr (category:tool,tabindex:6)
2023-12-14 16:46:59,493 [INFO] PluginManage:310 - Check plugin filemanager
2023-12-14 16:46:59,672 [INFO] PluginManage:359 - Loaded plugin filemanager (category:base,tabindex:10)
2023-12-14 16:46:59,672 [INFO] PluginManage:310 - Check plugin ipmanager
2023-12-14 16:46:59,682 [INFO] PluginManage:359 - Loaded plugin ipmanager (category:base,tabindex:5)
2023-12-14 16:46:59,683 [INFO] PluginManage:310 - Check plugin lpbam
2023-12-14 16:46:59,705 [INFO] PluginManage:359 - Loaded plugin lpbam (category:base,tabindex:0)
2023-12-14 16:46:59,705 [INFO] PluginManage:310 - Check plugin memorymap
2023-12-14 16:46:59,735 [INFO] PluginManage:359 - Loaded plugin memorymap (category:base,tabindex:4)
2023-12-14 16:46:59,735 [INFO] PluginManage:310 - Check plugin pinoutandconfiguration
2023-12-14 16:46:59,759 [INFO] PluginManage:359 - Loaded plugin pinoutandconfiguration (category:base,tabindex:1)
2023-12-14 16:46:59,759 [INFO] PluginManage:310 - Check plugin pinoutconfig
2023-12-14 16:46:59,898 [WARN] SupportedApi:132 - Cannot load RTOS API schema: s4s-elt-must-match.1: The content of 'definitions' must match (annotation?, (simpleType | complexType)?, (unique | key | keyref)*)). A problem was found starting at: attribute.
2023-12-14 16:47:00,083 [INFO] PluginManage:359 - Loaded plugin pinoutconfig (category:base,tabindex:0)
2023-12-14 16:47:00,083 [INFO] PluginManage:310 - Check plugin power
2023-12-14 16:47:00,115 [INFO] PluginManage:359 - Loaded plugin power (category:power,tabindex:4)
2023-12-14 16:47:00,115 [INFO] PluginManage:310 - Check plugin projectmanager
2023-12-14 16:47:00,134 [INFO] PluginManage:359 - Loaded plugin projectmanager (category:projectmanager,tabindex:3)
2023-12-14 16:47:00,134 [INFO] PluginManage:310 - Check plugin thirdparty
2023-12-14 16:47:00,486 [INFO] PluginManage:359 - Loaded plugin thirdparty (category:base,tabindex:-1)
2023-12-14 16:47:00,486 [WARN] IntegrityCheckThread:84 - waiting for thirdparty lock release [integrity check]
2023-12-14 16:47:00,487 [INFO] PluginManage:310 - Check plugin tools
2023-12-14 16:47:00,487 [INFO] IntegrityCheckThread:86 - entering critical section [integrity check]
2023-12-14 16:47:00,487 [INFO] ThirdPartyUpdaterWithRetryManager:70 - Updater plugin not ready yet. [1/15]
2023-12-14 16:47:00,535 [INFO] PluginManage:359 - Loaded plugin tools (category:base,tabindex:7)
2023-12-14 16:47:00,535 [INFO] PluginManage:310 - Check plugin tutovideos
2023-12-14 16:47:00,785 [INFO] PluginManage:359 - Loaded plugin tutovideos (category:base,tabindex:-1)
2023-12-14 16:47:00,785 [INFO] PluginManage:310 - Check plugin updater
2023-12-14 16:47:00,800 [INFO] PluginManage:359 - Loaded plugin updater (category:base,tabindex:12)
2023-12-14 16:47:00,800 [INFO] PluginManage:310 - Check plugin userauth
2023-12-14 16:47:00,807 [INFO] UserAuth:113 - Init User Auth plugin
2023-12-14 16:47:00,808 [INFO] PluginManage:359 - Loaded plugin userauth (category:base,tabindex:14)
2023-12-14 16:47:00,808 [INFO] PluginManage:283 - PluginManage : Loaded plugins [17]
2023-12-14 16:47:01,100 [INFO] PinOutPanel:1499 - setPackage(No Configuration,No Configuration)
2023-12-14 16:47:01,244 [INFO] CADModel:165 - CPN selected for project level
2023-12-14 16:47:01,244 [INFO] CADModel:114 - Register for checkConnection events
2023-12-14 16:47:01,281 [INFO] IPUIPlugin:80 - create IPUIPlugin
2023-12-14 16:47:01,281 [INFO] PluginManager:220 - loadIPPluginJar : add adc
2023-12-14 16:47:01,331 [INFO] IPUIPlugin:80 - create IPUIPlugin
2023-12-14 16:47:01,331 [INFO] PluginManager:220 - loadIPPluginJar : add aes
2023-12-14 16:47:01,388 [INFO] IPUIPlugin:80 - create IPUIPlugin
2023-12-14 16:47:01,388 [INFO] PluginManager:220 - loadIPPluginJar : add can
2023-12-14 16:47:01,424 [INFO] IPUIPlugin:80 - create IPUIPlugin
2023-12-14 16:47:01,424 [INFO] PluginManager:220 - loadIPPluginJar : add comp
2023-12-14 16:47:01,474 [INFO] IPUIPlugin:80 - create IPUIPlugin
2023-12-14 16:47:01,475 [INFO] PluginManager:220 - loadIPPluginJar : add cryp
2023-12-14 16:47:01,522 [INFO] IPUIPlugin:80 - create IPUIPlugin
2023-12-14 16:47:01,522 [INFO] PluginManager:220 - loadIPPluginJar : add dfsdm
2023-12-14 16:47:01,543 [INFO] IPUIPlugin:80 - create IPUIPlugin
2023-12-14 16:47:01,544 [INFO] PluginManager:220 - loadIPPluginJar : add dma
2023-12-14 16:47:01,602 [INFO] IPUIPlugin:80 - create IPUIPlugin
2023-12-14 16:47:01,603 [INFO] PluginManager:220 - loadIPPluginJar : add dma3
2023-12-14 16:47:01,630 [INFO] IPUIPlugin:80 - create IPUIPlugin
2023-12-14 16:47:01,631 [INFO] PluginManager:220 - loadIPPluginJar : add fatfs
2023-12-14 16:47:01,694 [INFO] IPUIPlugin:80 - create IPUIPlugin
2023-12-14 16:47:01,694 [INFO] PluginManager:220 - loadIPPluginJar : add fmc
2023-12-14 16:47:01,716 [INFO] IPUIPlugin:80 - create IPUIPlugin
2023-12-14 16:47:01,716 [INFO] PluginManager:220 - loadIPPluginJar : add freertos
2023-12-14 16:47:01,744 [INFO] IPUIPlugin:80 - create IPUIPlugin
2023-12-14 16:47:01,744 [INFO] PluginManager:220 - loadIPPluginJar : add genericplugin
2023-12-14 16:47:01,872 [INFO] IPUIPlugin:80 - create IPUIPlugin
2023-12-14 16:47:01,873 [INFO] PluginManager:220 - loadIPPluginJar : add gfxmmu
2023-12-14 16:47:02,067 [INFO] IPUIPlugin:80 - create IPUIPlugin
2023-12-14 16:47:02,067 [INFO] PluginManager:220 - loadIPPluginJar : add gic
2023-12-14 16:47:02,090 [INFO] IPUIPlugin:80 - create IPUIPlugin
2023-12-14 16:47:02,090 [INFO] PluginManager:220 - loadIPPluginJar : add gpio
2023-12-14 16:47:02,213 [INFO] IPUIPlugin:80 - create IPUIPlugin
2023-12-14 16:47:02,213 [INFO] PluginManager:220 - loadIPPluginJar : add gtzc
2023-12-14 16:47:02,260 [INFO] IPUIPlugin:80 - create IPUIPlugin
2023-12-14 16:47:02,260 [INFO] PluginManager:220 - loadIPPluginJar : add hash
2023-12-14 16:47:02,327 [INFO] IPUIPlugin:80 - create IPUIPlugin
2023-12-14 16:47:02,327 [INFO] PluginManager:220 - loadIPPluginJar : add i2c
2023-12-14 16:47:02,380 [INFO] IPUIPlugin:80 - create IPUIPlugin
2023-12-14 16:47:02,381 [INFO] PluginManager:220 - loadIPPluginJar : add i2s
2023-12-14 16:47:02,437 [INFO] IPUIPlugin:80 - create IPUIPlugin
2023-12-14 16:47:02,437 [INFO] PluginManager:220 - loadIPPluginJar : add i3c
2023-12-14 16:47:02,578 [INFO] IPUIPlugin:80 - create IPUIPlugin
2023-12-14 16:47:02,578 [INFO] PluginManager:220 - loadIPPluginJar : add ipddr
2023-12-14 16:47:02,707 [INFO] IPUIPlugin:80 - create IPUIPlugin
2023-12-14 16:47:02,707 [INFO] PluginManager:220 - loadIPPluginJar : add linkedlist
2023-12-14 16:47:02,753 [INFO] IPUIPlugin:80 - create IPUIPlugin
2023-12-14 16:47:02,753 [INFO] PluginManager:220 - loadIPPluginJar : add lorawan
2023-12-14 16:47:02,803 [INFO] IPUIPlugin:80 - create IPUIPlugin
2023-12-14 16:47:02,803 [INFO] PluginManager:220 - loadIPPluginJar : add ltdc
2023-12-14 16:47:02,824 [INFO] IPUIPlugin:80 - create IPUIPlugin
2023-12-14 16:47:02,825 [INFO] PluginManager:220 - loadIPPluginJar : add mdma
2023-12-14 16:47:02,841 [INFO] IPUIPlugin:80 - create IPUIPlugin
2023-12-14 16:47:02,841 [INFO] PluginManager:220 - loadIPPluginJar : add nvic
2023-12-14 16:47:02,891 [INFO] IPUIPlugin:80 - create IPUIPlugin
2023-12-14 16:47:02,891 [INFO] PluginManager:220 - loadIPPluginJar : add opamp
2023-12-14 16:47:02,973 [INFO] IPUIPlugin:80 - create IPUIPlugin
2023-12-14 16:47:02,973 [INFO] PluginManager:220 - loadIPPluginJar : add openamp
2023-12-14 16:47:03,030 [INFO] IPUIPlugin:80 - create IPUIPlugin
2023-12-14 16:47:03,030 [INFO] PluginManager:220 - loadIPPluginJar : add pdm2pcm
2023-12-14 16:47:03,052 [INFO] IPUIPlugin:80 - create IPUIPlugin
2023-12-14 16:47:03,056 [INFO] PluginManager:220 - loadIPPluginJar : add plateformsettings
2023-12-14 16:47:03,088 [INFO] IPUIPlugin:80 - create IPUIPlugin
2023-12-14 16:47:03,088 [INFO] PluginManager:220 - loadIPPluginJar : add quadspi
2023-12-14 16:47:03,106 [INFO] IPUIPlugin:80 - create IPUIPlugin
2023-12-14 16:47:03,107 [INFO] PluginManager:220 - loadIPPluginJar : add resmgrutility
2023-12-14 16:47:03,175 [INFO] IPUIPlugin:80 - create IPUIPlugin
2023-12-14 16:47:03,176 [INFO] PluginManager:220 - loadIPPluginJar : add sai
2023-12-14 16:47:03,236 [INFO] IPUIPlugin:80 - create IPUIPlugin
2023-12-14 16:47:03,237 [INFO] PluginManager:220 - loadIPPluginJar : add spi
2023-12-14 16:47:03,319 [INFO] IPUIPlugin:80 - create IPUIPlugin
2023-12-14 16:47:03,319 [INFO] PluginManager:220 - loadIPPluginJar : add stm32_wpan
2023-12-14 16:47:03,350 [INFO] IPUIPlugin:80 - create IPUIPlugin
2023-12-14 16:47:03,351 [INFO] PluginManager:220 - loadIPPluginJar : add tim
2023-12-14 16:47:03,433 [INFO] IPUIPlugin:80 - create IPUIPlugin
2023-12-14 16:47:03,433 [INFO] PluginManager:220 - loadIPPluginJar : add touchsensing
2023-12-14 16:47:03,470 [INFO] IPUIPlugin:80 - create IPUIPlugin
2023-12-14 16:47:03,470 [INFO] PluginManager:220 - loadIPPluginJar : add tracer_emb
2023-12-14 16:47:03,489 [INFO] ThirdPartyUpdaterWithRetryManager:70 - Updater plugin not ready yet. [2/15]
2023-12-14 16:47:03,507 [INFO] IPUIPlugin:80 - create IPUIPlugin
2023-12-14 16:47:03,507 [INFO] PluginManager:220 - loadIPPluginJar : add ts
2023-12-14 16:47:03,537 [INFO] IPUIPlugin:80 - create IPUIPlugin
2023-12-14 16:47:03,537 [INFO] PluginManager:220 - loadIPPluginJar : add tsc
2023-12-14 16:47:03,569 [INFO] IPUIPlugin:80 - create IPUIPlugin
2023-12-14 16:47:03,569 [INFO] PluginManager:220 - loadIPPluginJar : add ucpd
2023-12-14 16:47:03,631 [INFO] IPUIPlugin:80 - create IPUIPlugin
2023-12-14 16:47:03,632 [INFO] PluginManager:220 - loadIPPluginJar : add usart
2023-12-14 16:47:03,693 [INFO] IPUIPlugin:80 - create IPUIPlugin
2023-12-14 16:47:03,693 [INFO] PluginManager:220 - loadIPPluginJar : add usbx
2023-12-14 16:47:03,839 [INFO] CADModel:165 - CPN selected for project level
2023-12-14 16:47:03,839 [INFO] CADModel:114 - Register for checkConnection events
2023-12-14 16:47:03,840 [FATAL] Updater:308 - Updater called before beeing initialized
2023-12-14 16:47:03,840 [ERROR] CADModel:125 - Updater not yet initialized, retry later 
2023-12-14 16:47:04,110 [INFO] CADModel:165 - CPN selected for project level
2023-12-14 16:47:04,110 [INFO] CADModel:114 - Register for checkConnection events
2023-12-14 16:47:04,111 [FATAL] Updater:308 - Updater called before beeing initialized
2023-12-14 16:47:04,111 [ERROR] CADModel:125 - Updater not yet initialized, retry later 
2023-12-14 16:47:04,118 [FATAL] Updater:308 - Updater called before beeing initialized
2023-12-14 16:47:04,290 [FATAL] Updater:308 - Updater called before beeing initialized
2023-12-14 16:47:04,317 [INFO] DbMcusAds:53 - JSON generation date=Wed Nov 29 12:52:38 EET 2023 (1701255158764)
2023-12-14 16:47:04,318 [FATAL] Updater:308 - Updater called before beeing initialized
2023-12-14 16:47:04,434 [WARN] DetailPanel:346 - Failed to get advertising image, set to default
2023-12-14 16:47:04,564 [FATAL] Updater:308 - Updater called before beeing initialized
2023-12-14 16:47:04,567 [FATAL] Updater:308 - Updater called before beeing initialized
2023-12-14 16:47:04,567 [FATAL] Updater:308 - Updater called before beeing initialized
2023-12-14 16:47:04,567 [WARN] DetailPanel:346 - Failed to get advertising image, set to default
2023-12-14 16:47:04,568 [FATAL] Updater:308 - Updater called before beeing initialized
2023-12-14 16:47:04,645 [ERROR] Updater:1120 - MainUpdater not yet initialized. External WinMGr cannot be set.
2023-12-14 16:47:04,659 [INFO] Updater:1056 - Updater Version found : 6.9.2
2023-12-14 16:47:04,684 [INFO] ApplicationProperties:184 - Using Application install path: D:\Courses\ES\Cube IDE\Install\STM32CubeIDE_1.13.2\STM32CubeIDE\plugins\com.st.stm32cube.common.mx_6.9.2.202309101412
2023-12-14 16:47:04,964 [INFO] MainUpdater:2868 - connection check result : 10
2023-12-14 16:47:04,966 [INFO] MainUpdater:285 - Updater Check For Update Now.
2023-12-14 16:47:04,966 [INFO] MicroXplorer:498 - Change Database Version : DB.6.0.92
2023-12-14 16:47:04,994 [INFO] McuFinderGlobals:63 - Set McuFinder mode to 2 (CubeIDE integrated)
2023-12-14 16:47:04,995 [INFO] UserAuth:179 - activating auth plugin
2023-12-14 16:47:05,000 [INFO] UserAuth:393 - Internet connection configuration mode: 1
2023-12-14 16:47:05,056 [INFO] JxBrowserEngine:151 - Initiate JxBrowser Engine with user profile folder
2023-12-14 16:47:05,272 [INFO] CheckServerUpdateThread:120 - End of CheckServer Thread
2023-12-14 16:47:06,807 [WARN] PackLoader:240 - Cannot read IP mode file for STMicroelectronics.X-CUBE-SMBUS.2.1.0
2023-12-14 16:47:06,927 [WARN] PackLoader:240 - Cannot read IP mode file for STMicroelectronics.X-CUBE-AZRTOS-F7.1.1.0
2023-12-14 16:47:06,974 [WARN] PackLoader:240 - Cannot read IP mode file for STMicroelectronics.FP-SNS-MOTENV1.4.3.2
2023-12-14 16:47:07,006 [WARN] PackLoader:240 - Cannot read IP mode file for STMicroelectronics.FP-SNS-FLIGHT1.5.0.2
2023-12-14 16:47:07,042 [WARN] PackLoader:240 - Cannot read IP mode file for STMicroelectronics.X-CUBE-DISPLAY.3.0.0
2023-12-14 16:47:07,082 [WARN] PackLoader:240 - Cannot read IP mode file for STMicroelectronics.X-CUBE-BLE1.7.0.0
2023-12-14 16:47:07,107 [WARN] PackLoader:240 - Cannot read IP mode file for emotas.I-CUBE-CANOPEN.1.3.0
2023-12-14 16:47:07,130 [WARN] PackLoader:240 - Cannot read IP mode file for STMicroelectronics.X-CUBE-TOUCHGFX.4.22.1
2023-12-14 16:47:07,148 [WARN] PackLoader:240 - Cannot read IP mode file for STMicroelectronics.FP-SNS-SMARTAG2.1.2.0
2023-12-14 16:47:07,181 [INFO] LogOutputStream:77 - [STDOUT_REDIRECT] 1 : Invalid condition id : UX_CORESTACK_Condition cause : null
2023-12-14 16:47:07,181 [INFO] LogOutputStream:77 - [STDOUT_REDIRECT] 1 : Invalid condition id : UX_CORESTACK_Condition cause : null
2023-12-14 16:47:07,183 [INFO] LogOutputStream:77 - [STDOUT_REDIRECT] 1 : Invalid condition id : UX_CORESTACK_Condition cause : null
2023-12-14 16:47:07,185 [INFO] LogOutputStream:77 - [STDOUT_REDIRECT] 1 : Invalid condition id : UX_CORESTACK_Condition cause : null
2023-12-14 16:47:07,187 [INFO] LogOutputStream:77 - [STDOUT_REDIRECT] 1 : Invalid condition id : UX_CORESTACK_Condition cause : null
2023-12-14 16:47:07,198 [WARN] PackLoader:240 - Cannot read IP mode file for STMicroelectronics.X-CUBE-AZRTOS-WL.2.0.0
2023-12-14 16:47:07,233 [WARN] PackLoader:240 - Cannot read IP mode file for WES.I-CUBE-Cesium.1.3.0
2023-12-14 16:47:07,254 [WARN] PackLoader:240 - Cannot read IP mode file for STMicroelectronics.X-CUBE-BLE2.3.3.0
2023-12-14 16:47:07,276 [WARN] PackLoader:240 - Cannot read IP mode file for STMicroelectronics.X-CUBE-ALGOBUILD.1.3.0
2023-12-14 16:47:07,321 [WARN] PackLoader:240 - Cannot read IP mode file for STMicroelectronics.X-CUBE-AZRTOS-G0.1.1.0
2023-12-14 16:47:07,346 [WARN] PackLoader:240 - Cannot read IP mode file for STMicroelectronics.X-CUBE-NFC4.3.0.0
2023-12-14 16:47:07,373 [WARN] PackLoader:240 - Cannot read IP mode file for STMicroelectronics.X-CUBE-BLEMGR.3.0.0
2023-12-14 16:47:07,395 [WARN] PackLoader:240 - Cannot read IP mode file for STMicroelectronics.FP-ATR-SIGFOX1.3.2.0
2023-12-14 16:47:07,416 [WARN] PackLoader:240 - Cannot read IP mode file for STMicroelectronics.X-CUBE-GNSS1.6.0.0
2023-12-14 16:47:07,456 [WARN] PackLoader:240 - Cannot read IP mode file for STMicroelectronics.X-CUBE-AZRTOS-F4.1.1.0
2023-12-14 16:47:07,482 [WARN] PackLoader:240 - Cannot read IP mode file for wolfSSL.I-CUBE-wolfSSL.5.6.3
2023-12-14 16:47:07,536 [WARN] PackLoader:240 - Cannot read IP mode file for STMicroelectronics.X-CUBE-AZRTOS-L5.2.0.0
2023-12-14 16:47:07,565 [WARN] PackLoader:240 - Cannot read IP mode file for STMicroelectronics.X-CUBE-EEPRMA1.4.2.0
2023-12-14 16:47:07,591 [WARN] PackLoader:240 - Cannot read IP mode file for ITTIA_DB.I-CUBE-ITTIADB.8.8.0
2023-12-14 16:47:07,633 [WARN] ConditionMgr:438 - getConditionDescription Invalid condition id : UX DEVICE CLASS RTOS Condition cause : null
2023-12-14 16:47:07,633 [WARN] ConditionMgr:438 - getConditionDescription Invalid condition id : UX DEVICE CLASS RTOS Condition cause : null
2023-12-14 16:47:07,639 [WARN] PackLoader:240 - Cannot read IP mode file for STMicroelectronics.X-CUBE-AZRTOS-H7.3.1.0
2023-12-14 16:47:07,640 [WARN] ConditionMgr:1039 - genDependencies : Invalid condition id : UX DEVICE CLASS RTOS Condition cause : null
2023-12-14 16:47:07,641 [WARN] ConditionMgr:1039 - genDependencies : Invalid condition id : UX DEVICE CLASS RTOS Condition cause : null
2023-12-14 16:47:07,642 [WARN] ConditionMgr:1039 - genDependencies : Invalid condition id : UX DEVICE CLASS RTOS Condition cause : null
2023-12-14 16:47:07,643 [WARN] ConditionMgr:1039 - genDependencies : Invalid condition id : UX DEVICE CLASS RTOS Condition cause : null
2023-12-14 16:47:07,644 [WARN] ConditionMgr:1039 - genDependencies : Invalid condition id : UX DEVICE CLASS RTOS Condition cause : null
2023-12-14 16:47:07,665 [WARN] PackLoader:240 - Cannot read IP mode file for STMicroelectronics.X-CUBE-NFC7.1.0.1
2023-12-14 16:47:07,691 [WARN] PackLoader:240 - Cannot read IP mode file for STMicroelectronics.X-CUBE-NFC6.3.0.0
2023-12-14 16:47:07,709 [WARN] PackLoader:240 - Cannot read IP mode file for STMicroelectronics.X-CUBE-AI.8.1.0
2023-12-14 16:47:07,750 [WARN] ConditionMgr:438 - getConditionDescription Invalid condition id : LAN8742 Phy interface Condition cause : null
2023-12-14 16:47:07,751 [WARN] PackLoader:240 - Cannot read IP mode file for STMicroelectronics.X-CUBE-AZRTOS-L4.2.0.0
2023-12-14 16:47:07,752 [WARN] ConditionMgr:1039 - genDependencies : Invalid condition id : LAN8742 Phy interface Condition cause : null
2023-12-14 16:47:07,753 [WARN] ConditionMgr:1039 - genDependencies : Invalid condition id : LAN8742 Phy interface Condition cause : null
2023-12-14 16:47:07,754 [WARN] ConditionMgr:1039 - genDependencies : Invalid condition id : LAN8742 Phy interface Condition cause : null
2023-12-14 16:47:07,786 [WARN] PackLoader:240 - Cannot read IP mode file for STMicroelectronics.X-CUBE-SFXS2LP1.4.0.0
2023-12-14 16:47:07,808 [WARN] PackLoader:240 - Cannot read IP mode file for STMicroelectronics.X-CUBE-ISPU.1.1.0
2023-12-14 16:47:07,852 [WARN] ConditionMgr:438 - getConditionDescription Invalid condition id : UX DEVICE CLASS RTOS Condition cause : null
2023-12-14 16:47:07,853 [WARN] ConditionMgr:438 - getConditionDescription Invalid condition id : UX DEVICE CLASS RTOS Condition cause : null
2023-12-14 16:47:07,856 [WARN] PackLoader:240 - Cannot read IP mode file for STMicroelectronics.X-CUBE-AZRTOS-WB.2.0.0
2023-12-14 16:47:07,857 [WARN] ConditionMgr:1039 - genDependencies : Invalid condition id : UX DEVICE CLASS RTOS Condition cause : null
2023-12-14 16:47:07,858 [WARN] ConditionMgr:1039 - genDependencies : Invalid condition id : UX DEVICE CLASS RTOS Condition cause : null
2023-12-14 16:47:07,858 [WARN] ConditionMgr:1039 - genDependencies : Invalid condition id : UX DEVICE CLASS RTOS Condition cause : null
2023-12-14 16:47:07,859 [WARN] ConditionMgr:1039 - genDependencies : Invalid condition id : UX DEVICE CLASS RTOS Condition cause : null
2023-12-14 16:47:07,859 [WARN] ConditionMgr:1039 - genDependencies : Invalid condition id : UX DEVICE CLASS RTOS Condition cause : null
2023-12-14 16:47:07,887 [WARN] PackLoader:240 - Cannot read IP mode file for STMicroelectronics.X-CUBE-SUBG2.5.0.0
2023-12-14 16:47:07,928 [WARN] PackLoader:240 - Cannot read IP mode file for STMicroelectronics.X-CUBE-TOF1.3.3.1
2023-12-14 16:47:07,990 [WARN] PackLoader:240 - Cannot read IP mode file for STMicroelectronics.X-CUBE-AZRTOS-G4.2.0.0
2023-12-14 16:47:08,040 [WARN] PackLoader:240 - Cannot read IP mode file for Infineon.AIROC-Wi-Fi-Bluetooth-STM32.1.5.1
2023-12-14 16:47:08,067 [WARN] PackLoader:240 - Cannot read IP mode file for STMicroelectronics.FP-SNS-MOTENVWB1.1.3.0
2023-12-14 16:47:08,086 [WARN] PackLoader:240 - Cannot read IP mode file for STMicroelectronics.FP-SNS-MOTENVWB1.1.3.1
2023-12-14 16:47:08,104 [WARN] PackLoader:240 - Cannot read IP mode file for STMicroelectronics.X-CUBE-ISPU.2.0.0
2023-12-14 16:47:08,747 [WARN] PackLoader:240 - Cannot read IP mode file for STMicroelectronics.X-CUBE-MEMS1.10.0.0
2023-12-14 16:47:09,099 [WARN] PackLoader:240 - Cannot read IP mode file for STMicroelectronics.X-CUBE-FREERTOS.1.1.0
2023-12-14 16:47:09,151 [WARN] PackLoader:240 - Cannot read IP mode file for portGmbH.I-Cube-SoM-uGOAL.1.1.0
2023-12-14 16:47:09,190 [WARN] PackLoader:240 - Cannot read IP mode file for STMicroelectronics.X-CUBE-ALS.1.0.1
2023-12-14 16:47:09,217 [WARN] PackLoader:240 - Cannot read IP mode file for STMicroelectronics.FP-ATR-ASTRA1.2.0.0
2023-12-14 16:47:09,325 [WARN] PackLoader:240 - Cannot read IP mode file for STMicroelectronics.X-CUBE-TOF1.3.4.0
2023-12-14 16:47:09,440 [WARN] PackLoader:240 - Cannot read IP mode file for STMicroelectronics.X-CUBE-AZRTOS-H7.3.2.0
2023-12-14 16:47:09,455 [INFO] ThirdParty:978 - Integrity check success = true
2023-12-14 16:47:09,455 [INFO] IntegrityCheckThread:100 - exiting critical section [integrity check]
2023-12-14 16:47:09,455 [INFO] IntegrityCheckThread:103 - End integrity checks thread
2023-12-14 16:47:09,578 [INFO] WebApp:157 - Instantiating new browser for Auth
2023-12-14 16:47:10,648 [INFO] WebApp:753 - Register for checkConnection events
2023-12-14 16:47:10,648 [INFO] WebApp:390 - Apply proxy settings
2023-12-14 16:47:10,649 [INFO] WebApp:475 - Chromium requires no authentication
2023-12-14 16:47:10,660 [INFO] WebApp:418 - Direct internet connection detected
2023-12-14 16:47:10,887 [INFO] WebApp:188 - Starting web application
2023-12-14 16:47:10,887 [INFO] WebApp:520 - Web application path used D:\Courses\ES\Cube IDE\Install\STM32CubeIDE_1.13.2\STM32CubeIDE\plugins\com.st.stm32cube.common.mx_6.9.2.202309101412\db\plugins\mcufinder\reactClient1\index.html
2023-12-14 16:47:32,182 [ERROR] LogOutputStream:75 - [STDERR_REDIRECT] SLF4J: Failed to load class "org.slf4j.impl.StaticLoggerBinder".
2023-12-14 16:47:32,183 [ERROR] LogOutputStream:75 - [STDERR_REDIRECT] SLF4J: Defaulting to no-operation (NOP) logger implementation
2023-12-14 16:47:32,190 [ERROR] LogOutputStream:75 - [STDERR_REDIRECT] SLF4J: See http://www.slf4j.org/codes.html#StaticLoggerBinder for further details.
2023-12-14 17:41:48,026 [INFO] McuFinderGlobals:63 - Set McuFinder mode to 2 (CubeIDE integrated)
2023-12-14 17:41:48,053 [INFO] MainUpdater:2868 - connection check result : 10
2023-12-14 17:41:48,077 [INFO] McuFinderGlobals:76 - Set McuFinderConnectedMode to true
2023-12-14 17:41:48,490 [INFO] ServerAccessManage:473 - Download File mcusAds.json._tmp_
2023-12-14 17:41:48,627 [INFO] LoadUrlFilesThread:156 - End of LoadUrlFiles Thread
2023-12-14 17:41:49,084 [INFO] ServerAccessManage:473 - Download File cube-finder-db.zip
2023-12-14 17:42:01,486 [INFO] FileExtend:240 - Unzip File : cube-finder-db.zip
2023-12-14 17:42:01,487 [INFO] FileExtend:255 - Standard Zip Deflate
2023-12-14 17:42:02,487 [INFO] LoadUrlFilesThread:156 - End of LoadUrlFiles Thread
2023-12-14 17:42:02,957 [INFO] ServerAccessManage:473 - Download File crdb.zip
2023-12-14 17:42:03,594 [INFO] FileExtend:240 - Unzip File : crdb.zip
2023-12-14 17:42:03,595 [INFO] FileExtend:255 - Standard Zip Deflate
2023-12-14 17:42:03,731 [INFO] LoadUrlFilesThread:156 - End of LoadUrlFiles Thread
2023-12-14 17:42:04,024 [INFO] ServerAccessManage:473 - Download File tutoVideoDB.zip
2023-12-14 17:42:04,092 [INFO] FileExtend:240 - Unzip File : tutoVideoDB.zip
2023-12-14 17:42:04,092 [INFO] FileExtend:255 - Standard Zip Deflate
2023-12-14 17:42:04,216 [INFO] LoadUrlFilesThread:156 - End of LoadUrlFiles Thread
2023-12-14 17:42:04,218 [WARN] DbFile:41 - Overriding database path with different value: C:\Users\moham\.stmcufinder\plugins\mcufinder/ => C:\Users\moham\.stmcufinder\plugins\mcufinder
2023-12-14 17:42:04,458 [INFO] ServerAccessManage:473 - Download File api_config.json
2023-12-14 17:42:04,567 [INFO] LoadUrlFilesThread:156 - End of LoadUrlFiles Thread
2023-12-14 17:42:04,570 [INFO] DbMcusAds:53 - JSON generation date=Wed Nov 29 12:52:27 EET 2023 (1701255147349)
2023-12-14 17:42:04,599 [INFO] LoadUrlFilesThread:185 - End of LoadServerUrlFiles without Thread
2023-12-14 17:42:04,601 [INFO] TargetSelectorAdapter:259 - Refresh data is successful
2023-12-14 17:42:04,742 [INFO] ApiDb:581 - Connected to CubeFinder SQLite database (C:\Users\moham\.stmcufinder\plugins\mcufinder\mcu\cube-finder-db.db)
2023-12-14 17:42:04,812 [INFO] ApiDb:668 - CubeFinder database Data Model version=2.1
2023-12-14 17:42:04,812 [INFO] ApiDb:669 - CubeFinder database Configuration version=3.0.39
2023-12-14 17:42:04,814 [INFO] ApiDb:670 - CubeFinder database generation date=2023-11-06 (1699269565)
2023-12-14 17:42:04,814 [INFO] ApiDb:671 - CubeFinder database FW Pack versions=[FP-ATR-ASTRA1_V2.0.0, FP-SNS-FLIGHT1_V5.0.1, FP-SNS-FLIGHT1_V5.0.2, FP-SNS-MOTENV1_V4.3.1, FP-SNS-MOTENV1_V4.3.2, FP-SNS-MOTENVWB1_V1.3.0, FP-SNS-SMARTAG2_V1.2.0, STM32Cube_FW_C0_V1.1.0, STM32Cube_FW_F4_V1.28.0, STM32Cube_FW_F7_V1.17.0, STM32Cube_FW_G0_V1.6.1, STM32Cube_FW_G4_V1.5.1, STM32Cube_FW_H5_V0.5.1, STM32Cube_FW_H5_V1.1.1, STM32Cube_FW_H5_V1.2.0RC2, STM32Cube_FW_H7_V1.11.0, STM32Cube_FW_L0_V1.12.2, STM32Cube_FW_L5_V1.5.0, STM32Cube_FW_U5_V1.3.0RC4, STM32Cube_FW_U5_V1.4.0, STM32Cube_FW_WBA_V1.0.0RC1, STM32Cube_FW_WBA_V1.1.0RC1, STM32Cube_FW_WBA_V1.2.0, STM32Cube_FW_WBA_V1.2.0RC2, STM32Cube_FW_WB_V1.15.0RC1, STM32Cube_FW_WB_V1.16.0, STM32Cube_FW_WB_V1.16.0RC2, STM32Cube_FW_WB_V1.18.0, STM32Cube_FW_WL_V1.3.0, X-CUBE-ALGOBUILD_V1.3.0, X-CUBE-ALS_V1.0.1, X-CUBE-AZRTOS-F4_V1.1.0, X-CUBE-AZRTOS-F7_V1.1.0, X-CUBE-AZRTOS-G0_V1.1.0, X-CUBE-AZRTOS-G4_V2.0.0, X-CUBE-AZRTOS-H7_V3.1.0, X-CUBE-AZRTOS-L4_V1.0.0, X-CUBE-AZRTOS-L4_V2.0.0, X-CUBE-AZRTOS-L5_V1.1.0, X-CUBE-AZRTOS-WB_V2.0.0, X-CUBE-AZRTOS-WL_V2.0.0, X-CUBE-BLE1_V7.0.0, X-CUBE-BLE2_V3.3.0, X-CUBE-BLEMGR_V2.0.0, X-CUBE-EEPRMA1_V4.1.0, X-CUBE-EEPRMA1_V4.2.0, X-CUBE-FREERTOS_V1.1.0, X-CUBE-GNSS1_V6.0.0, X-CUBE-MEMS1_V10.0.0, X-CUBE-MEMS1_V9.1.0, X-CUBE-MEMS1_V9.4.0, X-CUBE-MEMS1_V9.6.0, X-CUBE-NFC4_V3.0.0, X-CUBE-NFC7_V1.0.1, X-CUBE-SFXS2LP1_V4.0.0, X-CUBE-SUBG2_V5.0.0, X-CUBE-TOF1_V3.3.1]
2023-12-14 17:42:07,005 [INFO] ApiDb:240 - Found 323 in-development CPN: [B-G473E-ZEST1S, B-WB1M-WPAN1, B-WL5M-SUBG1, NUCLEO-C031C6, NUCLEO-H503RB, NUCLEO-H563ZI, NUCLEO-U545RE-Q, NUCLEO-U5A5ZJ-Q, NUCLEO-WBA52CG, STEVAL-PROTEUS1, STEVAL-SMARTAG2, STEVAL-STWINBX1, STM320518-EVAL, STM32C0116-DK, STM32C011D6Y3TR, STM32C011D6Y6TR, STM32C011F4P3, STM32C011F4P6, STM32C011F4U3, STM32C011F4U6TR, STM32C011F6P3, STM32C011F6P6, STM32C011F6U3, STM32C011F6U6TR, STM32C011J4M3, STM32C011J4M6, STM32C011J6M3, STM32C011J6M6, STM32C0316-DK, STM32C031C4T3, STM32C031C4T6, STM32C031C4U3, STM32C031C4U6, STM32C031C6T3, STM32C031C6T6, STM32C031C6U3, STM32C031C6U6, STM32C031F4P3, STM32C031F4P6, STM32C031F6P3, STM32C031F6P6, STM32C031G4U3, STM32C031G4U6, STM32C031G6U3, STM32C031G6U6, STM32C031K4T3, STM32C031K4T6, STM32C031K4U3, STM32C031K4U6, STM32C031K6T3, STM32C031K6T6, STM32C031K6U3, STM32C031K6U6, STM32G071K8TXN, STM32G071K8UXN, STM32G081GBU6N, STM32G081KBT6N, STM32G081KBUXN, STM32G0B1CCT6N, STM32G0B1KCT6, STM32G0B1NEY6TR, STM32G0B1RCT6N, STM32G0C1CCT6, STM32G0C1CCT6N, STM32G0C1CCU6N, STM32G0C1CET6N, STM32G0C1CEU6N, STM32G0C1KCT6, STM32G0C1NEY6TR, STM32G0C1RCI6N, STM32G0C1RCT6N, STM32G0C1REI6N, STM32G0C1RET6N, STM32G0C1VCI6, STM32G0C1VEI6, STM32G471CCT6, STM32G471CCU6, STM32G471CET3, STM32G471CET6, STM32G471CEU3, STM32G471CEU6, STM32G471MCT6, STM32G471MET3, STM32G471MET6, STM32G471MEY6TR, STM32G471QCT6, STM32G471QET3, STM32G471RCT6, STM32G471RET3, STM32G471RET6, STM32G471VCH6, STM32G471VCI6, STM32G471VCT6, STM32G471VEH3, STM32G471VEH6, STM32G471VEI3, STM32G471VEI6, STM32G471VET3, STM32G471VET6, STM32G474CCT6, STM32H503CBT6, STM32H503CBU6, STM32H503EBY6TR, STM32H503KBU6, STM32H503RBT6, STM32H562AGI6, STM32H562AII6, STM32H562IGK6, STM32H562IGT6, STM32H562IIK6, STM32H562IIT6, STM32H562RGT6, STM32H562RGV6, STM32H562RIT6, STM32H562RIV6, STM32H562VGT6, STM32H562VIT6, STM32H562ZGT6, STM32H562ZIT6, STM32H563AGI6, STM32H563AII3Q, STM32H563AII6, STM32H563IGK6, STM32H563IGT6, STM32H563IIK3Q, STM32H563IIK6, STM32H563IIT3Q, STM32H563IIT6, STM32H563MIY3QTR, STM32H563RGT6, STM32H563RGV6, STM32H563RIT6, STM32H563RIV6, STM32H563VGT6, STM32H563VIT3Q, STM32H563VIT6, STM32H563ZGT6, STM32H563ZIT3Q, STM32H563ZIT6, STM32H573AII3Q, STM32H573AII6, STM32H573I-DK, STM32H573IIK3Q, STM32H573IIK6, STM32H573IIT3Q, STM32H573IIT6, STM32H573MIY3QTR, STM32H573RIT6, STM32H573RIV6, STM32H573VIT3Q, STM32H573VIT6, STM32H573ZIT3Q, STM32H573ZIT6, STM32L4R5QGI6STR, STM32MP131AAE3, STM32MP131AAF3, STM32MP131AAG3, STM32MP131CAE3, STM32MP131CAF3, STM32MP131CAG3, STM32MP131DAE7, STM32MP131DAF7, STM32MP131DAG7, STM32MP131FAE7, STM32MP131FAF7, STM32MP131FAG7, STM32MP133AAE3, STM32MP133AAF3, STM32MP133AAG3, STM32MP133CAE3, STM32MP133CAF3, STM32MP133CAG3, STM32MP133DAE7, STM32MP133DAF7, STM32MP133DAG7, STM32MP133FAE7, STM32MP133FAF7, STM32MP133FAG7, STM32MP135AAE3, STM32MP135AAF3, STM32MP135AAG3, STM32MP135CAE3, STM32MP135CAF3, STM32MP135CAG3, STM32MP135DAE7, STM32MP135DAF7, STM32MP135DAG7, STM32MP135F-DK, STM32MP135FAE7, STM32MP135FAF7, STM32MP135FAF7T, STM32MP135FAF7U, STM32MP135FAG7, STM32U535CBT6, STM32U535CBT6Q, STM32U535CBU6, STM32U535CBU6Q, STM32U535CCT6, STM32U535CCT6Q, STM32U535CCU6, STM32U535CCU6Q, STM32U535CET6, STM32U535CET6Q, STM32U535CEU6, STM32U535CEU6Q, STM32U535JEY6QTR, STM32U535NCY6QTR, STM32U535NEY6QTR, STM32U535RBI6, STM32U535RBI6Q, STM32U535RBT6, STM32U535RBT6Q, STM32U535RCI6, STM32U535RCI6Q, STM32U535RCT6, STM32U535RCT6Q, STM32U535REI6, STM32U535REI6Q, STM32U535RET6, STM32U535RET6Q, STM32U535VCI6, STM32U535VCI6Q, STM32U535VCT6, STM32U535VCT6Q, STM32U535VEI6, STM32U535VEI6Q, STM32U535VET6, STM32U535VET6Q, STM32U545CET6, STM32U545CET6Q, STM32U545CEU6, STM32U545CEU6Q, STM32U545JEY6QTR, STM32U545NEY6QTR, STM32U545REI6, STM32U545REI6Q, STM32U545RET6, STM32U545RET6Q, STM32U545VEI6, STM32U545VEI6Q, STM32U545VET6, STM32U545VET6Q, STM32U595AIH6, STM32U595AIH6Q, STM32U595AJH6, STM32U595AJH6Q, STM32U595QII6, STM32U595QII6Q, STM32U595QJI6, STM32U595QJI6Q, STM32U595RIT6, STM32U595RIT6Q, STM32U595RJT6, STM32U595RJT6Q, STM32U595VIT6, STM32U595VIT6Q, STM32U595VJT6, STM32U595VJT6Q, STM32U595ZIT6, STM32U595ZIT6Q, STM32U595ZIY6QTR, STM32U595ZJT6, STM32U595ZJT6Q, STM32U595ZJY6QTR, STM32U599BJY6QTR, STM32U599NIH6Q, STM32U599NJH6Q, STM32U599VIT6Q, STM32U599VJT6, STM32U599VJT6Q, STM32U599ZIT6Q, STM32U599ZIY6QTR, STM32U599ZJT6Q, STM32U599ZJY6QTR, STM32U5A5AJH6, STM32U5A5AJH6Q, STM32U5A5QJI6, STM32U5A5QJI6Q, STM32U5A5RJT6, STM32U5A5RJT6Q, STM32U5A5VJT6, STM32U5A5VJT6Q, STM32U5A5ZJT6, STM32U5A5ZJT6Q, STM32U5A5ZJY6QTR, STM32U5A9BJY6QTR, STM32U5A9J-DK, STM32U5A9NJH6Q, STM32U5A9VJT6Q, STM32U5A9ZJT6Q, STM32U5A9ZJY6QTR, STM32U5F7VIT6, STM32U5F7VIT6Q, STM32U5F7VJT6, STM32U5F7VJT6Q, STM32U5F9BJY6QTR, STM32U5F9NJH6Q, STM32U5F9VIT6Q, STM32U5F9VJT6Q, STM32U5F9ZIJ6QTR, STM32U5F9ZIT6Q, STM32U5F9ZJJ6QTR, STM32U5F9ZJT6Q, STM32U5G7VJT6, STM32U5G7VJT6Q, STM32U5G9BJY6QTR, STM32U5G9J-DK1, STM32U5G9J-DK2, STM32U5G9NJH6Q, STM32U5G9VJT6Q, STM32U5G9ZJJ6QTR, STM32U5G9ZJT6Q, STM32WB1MMCH6, STM32WBA52CEU6, STM32WBA52CEU6T, STM32WBA52CGU6, STM32WBA52CGU6T, STM32WBA52KEU6, STM32WBA52KEU6T, STM32WBA52KGU6, STM32WBA52KGU6T, STM32WL5MOCH6, STM32WL5MOCH6TR]
2023-12-14 17:42:07,009 [INFO] DbMcus:217 - Found 3882 MCUs, 3882 are supported
2023-12-14 17:42:07,017 [INFO] ApiDb:423 - Load user favorites file C:\Users\moham/.stm32cubeide/favorites.mcus.txt: 0 item(s)
2023-12-14 17:42:07,017 [INFO] ApiDb:427 - User favorites MCUs=[]
2023-12-14 17:42:07,017 [INFO] DbMcus:223 - Set 0 / 0 favorites MCUs
2023-12-14 17:42:07,268 [INFO] ApiDb:668 - CubeFinder database Data Model version=2.1
2023-12-14 17:42:07,268 [INFO] ApiDb:669 - CubeFinder database Configuration version=3.0.39
2023-12-14 17:42:07,268 [INFO] ApiDb:670 - CubeFinder database generation date=2023-11-06 (1699269565)
2023-12-14 17:42:07,268 [INFO] ApiDb:671 - CubeFinder database FW Pack versions=[FP-ATR-ASTRA1_V2.0.0, FP-SNS-FLIGHT1_V5.0.1, FP-SNS-FLIGHT1_V5.0.2, FP-SNS-MOTENV1_V4.3.1, FP-SNS-MOTENV1_V4.3.2, FP-SNS-MOTENVWB1_V1.3.0, FP-SNS-SMARTAG2_V1.2.0, STM32Cube_FW_C0_V1.1.0, STM32Cube_FW_F4_V1.28.0, STM32Cube_FW_F7_V1.17.0, STM32Cube_FW_G0_V1.6.1, STM32Cube_FW_G4_V1.5.1, STM32Cube_FW_H5_V0.5.1, STM32Cube_FW_H5_V1.1.1, STM32Cube_FW_H5_V1.2.0RC2, STM32Cube_FW_H7_V1.11.0, STM32Cube_FW_L0_V1.12.2, STM32Cube_FW_L5_V1.5.0, STM32Cube_FW_U5_V1.3.0RC4, STM32Cube_FW_U5_V1.4.0, STM32Cube_FW_WBA_V1.0.0RC1, STM32Cube_FW_WBA_V1.1.0RC1, STM32Cube_FW_WBA_V1.2.0, STM32Cube_FW_WBA_V1.2.0RC2, STM32Cube_FW_WB_V1.15.0RC1, STM32Cube_FW_WB_V1.16.0, STM32Cube_FW_WB_V1.16.0RC2, STM32Cube_FW_WB_V1.18.0, STM32Cube_FW_WL_V1.3.0, X-CUBE-ALGOBUILD_V1.3.0, X-CUBE-ALS_V1.0.1, X-CUBE-AZRTOS-F4_V1.1.0, X-CUBE-AZRTOS-F7_V1.1.0, X-CUBE-AZRTOS-G0_V1.1.0, X-CUBE-AZRTOS-G4_V2.0.0, X-CUBE-AZRTOS-H7_V3.1.0, X-CUBE-AZRTOS-L4_V1.0.0, X-CUBE-AZRTOS-L4_V2.0.0, X-CUBE-AZRTOS-L5_V1.1.0, X-CUBE-AZRTOS-WB_V2.0.0, X-CUBE-AZRTOS-WL_V2.0.0, X-CUBE-BLE1_V7.0.0, X-CUBE-BLE2_V3.3.0, X-CUBE-BLEMGR_V2.0.0, X-CUBE-EEPRMA1_V4.1.0, X-CUBE-EEPRMA1_V4.2.0, X-CUBE-FREERTOS_V1.1.0, X-CUBE-GNSS1_V6.0.0, X-CUBE-MEMS1_V10.0.0, X-CUBE-MEMS1_V9.1.0, X-CUBE-MEMS1_V9.4.0, X-CUBE-MEMS1_V9.6.0, X-CUBE-NFC4_V3.0.0, X-CUBE-NFC7_V1.0.1, X-CUBE-SFXS2LP1_V4.0.0, X-CUBE-SUBG2_V5.0.0, X-CUBE-TOF1_V3.3.1]
2023-12-14 17:42:07,325 [INFO] DbBoardsSqlite:226 - include board P-NUCLEO-WB55-NUCLEO as a kit item of type 'Nucleo-64'
2023-12-14 17:42:07,325 [INFO] DbBoardsSqlite:226 - include board P-NUCLEO-WB55-USBDONGLE as a kit item of type 'Nucleo USB Dongle'
2023-12-14 17:42:07,325 [INFO] DbBoardsSqlite:226 - include board STEVAL-IDP005V1 as a kit item of type 'Evaluation Board'
2023-12-14 17:42:07,325 [INFO] DbBoardsSqlite:226 - include board STEVAL-IDP005V2 as a kit item of type 'Evaluation Board'
2023-12-14 17:42:07,378 [INFO] ApiDb:240 - Found 323 in-development CPN: [B-G473E-ZEST1S, B-WB1M-WPAN1, B-WL5M-SUBG1, NUCLEO-C031C6, NUCLEO-H503RB, NUCLEO-H563ZI, NUCLEO-U545RE-Q, NUCLEO-U5A5ZJ-Q, NUCLEO-WBA52CG, STEVAL-PROTEUS1, STEVAL-SMARTAG2, STEVAL-STWINBX1, STM320518-EVAL, STM32C0116-DK, STM32C011D6Y3TR, STM32C011D6Y6TR, STM32C011F4P3, STM32C011F4P6, STM32C011F4U3, STM32C011F4U6TR, STM32C011F6P3, STM32C011F6P6, STM32C011F6U3, STM32C011F6U6TR, STM32C011J4M3, STM32C011J4M6, STM32C011J6M3, STM32C011J6M6, STM32C0316-DK, STM32C031C4T3, STM32C031C4T6, STM32C031C4U3, STM32C031C4U6, STM32C031C6T3, STM32C031C6T6, STM32C031C6U3, STM32C031C6U6, STM32C031F4P3, STM32C031F4P6, STM32C031F6P3, STM32C031F6P6, STM32C031G4U3, STM32C031G4U6, STM32C031G6U3, STM32C031G6U6, STM32C031K4T3, STM32C031K4T6, STM32C031K4U3, STM32C031K4U6, STM32C031K6T3, STM32C031K6T6, STM32C031K6U3, STM32C031K6U6, STM32G071K8TXN, STM32G071K8UXN, STM32G081GBU6N, STM32G081KBT6N, STM32G081KBUXN, STM32G0B1CCT6N, STM32G0B1KCT6, STM32G0B1NEY6TR, STM32G0B1RCT6N, STM32G0C1CCT6, STM32G0C1CCT6N, STM32G0C1CCU6N, STM32G0C1CET6N, STM32G0C1CEU6N, STM32G0C1KCT6, STM32G0C1NEY6TR, STM32G0C1RCI6N, STM32G0C1RCT6N, STM32G0C1REI6N, STM32G0C1RET6N, STM32G0C1VCI6, STM32G0C1VEI6, STM32G471CCT6, STM32G471CCU6, STM32G471CET3, STM32G471CET6, STM32G471CEU3, STM32G471CEU6, STM32G471MCT6, STM32G471MET3, STM32G471MET6, STM32G471MEY6TR, STM32G471QCT6, STM32G471QET3, STM32G471RCT6, STM32G471RET3, STM32G471RET6, STM32G471VCH6, STM32G471VCI6, STM32G471VCT6, STM32G471VEH3, STM32G471VEH6, STM32G471VEI3, STM32G471VEI6, STM32G471VET3, STM32G471VET6, STM32G474CCT6, STM32H503CBT6, STM32H503CBU6, STM32H503EBY6TR, STM32H503KBU6, STM32H503RBT6, STM32H562AGI6, STM32H562AII6, STM32H562IGK6, STM32H562IGT6, STM32H562IIK6, STM32H562IIT6, STM32H562RGT6, STM32H562RGV6, STM32H562RIT6, STM32H562RIV6, STM32H562VGT6, STM32H562VIT6, STM32H562ZGT6, STM32H562ZIT6, STM32H563AGI6, STM32H563AII3Q, STM32H563AII6, STM32H563IGK6, STM32H563IGT6, STM32H563IIK3Q, STM32H563IIK6, STM32H563IIT3Q, STM32H563IIT6, STM32H563MIY3QTR, STM32H563RGT6, STM32H563RGV6, STM32H563RIT6, STM32H563RIV6, STM32H563VGT6, STM32H563VIT3Q, STM32H563VIT6, STM32H563ZGT6, STM32H563ZIT3Q, STM32H563ZIT6, STM32H573AII3Q, STM32H573AII6, STM32H573I-DK, STM32H573IIK3Q, STM32H573IIK6, STM32H573IIT3Q, STM32H573IIT6, STM32H573MIY3QTR, STM32H573RIT6, STM32H573RIV6, STM32H573VIT3Q, STM32H573VIT6, STM32H573ZIT3Q, STM32H573ZIT6, STM32L4R5QGI6STR, STM32MP131AAE3, STM32MP131AAF3, STM32MP131AAG3, STM32MP131CAE3, STM32MP131CAF3, STM32MP131CAG3, STM32MP131DAE7, STM32MP131DAF7, STM32MP131DAG7, STM32MP131FAE7, STM32MP131FAF7, STM32MP131FAG7, STM32MP133AAE3, STM32MP133AAF3, STM32MP133AAG3, STM32MP133CAE3, STM32MP133CAF3, STM32MP133CAG3, STM32MP133DAE7, STM32MP133DAF7, STM32MP133DAG7, STM32MP133FAE7, STM32MP133FAF7, STM32MP133FAG7, STM32MP135AAE3, STM32MP135AAF3, STM32MP135AAG3, STM32MP135CAE3, STM32MP135CAF3, STM32MP135CAG3, STM32MP135DAE7, STM32MP135DAF7, STM32MP135DAG7, STM32MP135F-DK, STM32MP135FAE7, STM32MP135FAF7, STM32MP135FAF7T, STM32MP135FAF7U, STM32MP135FAG7, STM32U535CBT6, STM32U535CBT6Q, STM32U535CBU6, STM32U535CBU6Q, STM32U535CCT6, STM32U535CCT6Q, STM32U535CCU6, STM32U535CCU6Q, STM32U535CET6, STM32U535CET6Q, STM32U535CEU6, STM32U535CEU6Q, STM32U535JEY6QTR, STM32U535NCY6QTR, STM32U535NEY6QTR, STM32U535RBI6, STM32U535RBI6Q, STM32U535RBT6, STM32U535RBT6Q, STM32U535RCI6, STM32U535RCI6Q, STM32U535RCT6, STM32U535RCT6Q, STM32U535REI6, STM32U535REI6Q, STM32U535RET6, STM32U535RET6Q, STM32U535VCI6, STM32U535VCI6Q, STM32U535VCT6, STM32U535VCT6Q, STM32U535VEI6, STM32U535VEI6Q, STM32U535VET6, STM32U535VET6Q, STM32U545CET6, STM32U545CET6Q, STM32U545CEU6, STM32U545CEU6Q, STM32U545JEY6QTR, STM32U545NEY6QTR, STM32U545REI6, STM32U545REI6Q, STM32U545RET6, STM32U545RET6Q, STM32U545VEI6, STM32U545VEI6Q, STM32U545VET6, STM32U545VET6Q, STM32U595AIH6, STM32U595AIH6Q, STM32U595AJH6, STM32U595AJH6Q, STM32U595QII6, STM32U595QII6Q, STM32U595QJI6, STM32U595QJI6Q, STM32U595RIT6, STM32U595RIT6Q, STM32U595RJT6, STM32U595RJT6Q, STM32U595VIT6, STM32U595VIT6Q, STM32U595VJT6, STM32U595VJT6Q, STM32U595ZIT6, STM32U595ZIT6Q, STM32U595ZIY6QTR, STM32U595ZJT6, STM32U595ZJT6Q, STM32U595ZJY6QTR, STM32U599BJY6QTR, STM32U599NIH6Q, STM32U599NJH6Q, STM32U599VIT6Q, STM32U599VJT6, STM32U599VJT6Q, STM32U599ZIT6Q, STM32U599ZIY6QTR, STM32U599ZJT6Q, STM32U599ZJY6QTR, STM32U5A5AJH6, STM32U5A5AJH6Q, STM32U5A5QJI6, STM32U5A5QJI6Q, STM32U5A5RJT6, STM32U5A5RJT6Q, STM32U5A5VJT6, STM32U5A5VJT6Q, STM32U5A5ZJT6, STM32U5A5ZJT6Q, STM32U5A5ZJY6QTR, STM32U5A9BJY6QTR, STM32U5A9J-DK, STM32U5A9NJH6Q, STM32U5A9VJT6Q, STM32U5A9ZJT6Q, STM32U5A9ZJY6QTR, STM32U5F7VIT6, STM32U5F7VIT6Q, STM32U5F7VJT6, STM32U5F7VJT6Q, STM32U5F9BJY6QTR, STM32U5F9NJH6Q, STM32U5F9VIT6Q, STM32U5F9VJT6Q, STM32U5F9ZIJ6QTR, STM32U5F9ZIT6Q, STM32U5F9ZJJ6QTR, STM32U5F9ZJT6Q, STM32U5G7VJT6, STM32U5G7VJT6Q, STM32U5G9BJY6QTR, STM32U5G9J-DK1, STM32U5G9J-DK2, STM32U5G9NJH6Q, STM32U5G9VJT6Q, STM32U5G9ZJJ6QTR, STM32U5G9ZJT6Q, STM32WB1MMCH6, STM32WBA52CEU6, STM32WBA52CEU6T, STM32WBA52CGU6, STM32WBA52CGU6T, STM32WBA52KEU6, STM32WBA52KEU6T, STM32WBA52KGU6, STM32WBA52KGU6T, STM32WL5MOCH6, STM32WL5MOCH6TR]
2023-12-14 17:42:07,476 [INFO] BoardInfo:880 - No configuration file found for board P-NUCLEO-WB55
2023-12-14 17:42:07,476 [INFO] DbBoards:157 - Kit is not supported: P-NUCLEO-WB55
2023-12-14 17:42:07,480 [INFO] BoardInfo:880 - No configuration file found for board STEVAL-BFA001V1B
2023-12-14 17:42:07,480 [INFO] DbBoards:157 - Kit is not supported: STEVAL-BFA001V1B
2023-12-14 17:42:07,481 [INFO] BoardInfo:880 - No configuration file found for board STEVAL-BFA001V2B
2023-12-14 17:42:07,481 [INFO] DbBoards:157 - Kit is not supported: STEVAL-BFA001V2B
2023-12-14 17:42:07,484 [INFO] BoardInfo:880 - No configuration file found for board STEVAL-MKBOXPRO
2023-12-14 17:42:07,484 [INFO] DbBoards:157 - Board is not supported: STEVAL-MKBOXPRO
2023-12-14 17:42:07,585 [INFO] DbBoards:161 - Found 191 boards, 187 are supported
2023-12-14 17:42:07,587 [INFO] ApiDb:423 - Load user favorites file C:\Users\moham/.stm32cubeide/favorites.boards.txt: 0 item(s)
2023-12-14 17:42:07,587 [INFO] ApiDb:427 - User favorites Boards=[]
2023-12-14 17:42:07,588 [INFO] DbBoards:190 - Set 0 / 0 favorites Boards
2023-12-14 17:42:07,590 [INFO] ApiDb:668 - CubeFinder database Data Model version=2.1
2023-12-14 17:42:07,590 [INFO] ApiDb:669 - CubeFinder database Configuration version=3.0.39
2023-12-14 17:42:07,591 [INFO] ApiDb:670 - CubeFinder database generation date=2023-11-06 (1699269565)
2023-12-14 17:42:07,591 [INFO] ApiDb:671 - CubeFinder database FW Pack versions=[FP-ATR-ASTRA1_V2.0.0, FP-SNS-FLIGHT1_V5.0.1, FP-SNS-FLIGHT1_V5.0.2, FP-SNS-MOTENV1_V4.3.1, FP-SNS-MOTENV1_V4.3.2, FP-SNS-MOTENVWB1_V1.3.0, FP-SNS-SMARTAG2_V1.2.0, STM32Cube_FW_C0_V1.1.0, STM32Cube_FW_F4_V1.28.0, STM32Cube_FW_F7_V1.17.0, STM32Cube_FW_G0_V1.6.1, STM32Cube_FW_G4_V1.5.1, STM32Cube_FW_H5_V0.5.1, STM32Cube_FW_H5_V1.1.1, STM32Cube_FW_H5_V1.2.0RC2, STM32Cube_FW_H7_V1.11.0, STM32Cube_FW_L0_V1.12.2, STM32Cube_FW_L5_V1.5.0, STM32Cube_FW_U5_V1.3.0RC4, STM32Cube_FW_U5_V1.4.0, STM32Cube_FW_WBA_V1.0.0RC1, STM32Cube_FW_WBA_V1.1.0RC1, STM32Cube_FW_WBA_V1.2.0, STM32Cube_FW_WBA_V1.2.0RC2, STM32Cube_FW_WB_V1.15.0RC1, STM32Cube_FW_WB_V1.16.0, STM32Cube_FW_WB_V1.16.0RC2, STM32Cube_FW_WB_V1.18.0, STM32Cube_FW_WL_V1.3.0, X-CUBE-ALGOBUILD_V1.3.0, X-CUBE-ALS_V1.0.1, X-CUBE-AZRTOS-F4_V1.1.0, X-CUBE-AZRTOS-F7_V1.1.0, X-CUBE-AZRTOS-G0_V1.1.0, X-CUBE-AZRTOS-G4_V2.0.0, X-CUBE-AZRTOS-H7_V3.1.0, X-CUBE-AZRTOS-L4_V1.0.0, X-CUBE-AZRTOS-L4_V2.0.0, X-CUBE-AZRTOS-L5_V1.1.0, X-CUBE-AZRTOS-WB_V2.0.0, X-CUBE-AZRTOS-WL_V2.0.0, X-CUBE-BLE1_V7.0.0, X-CUBE-BLE2_V3.3.0, X-CUBE-BLEMGR_V2.0.0, X-CUBE-EEPRMA1_V4.1.0, X-CUBE-EEPRMA1_V4.2.0, X-CUBE-FREERTOS_V1.1.0, X-CUBE-GNSS1_V6.0.0, X-CUBE-MEMS1_V10.0.0, X-CUBE-MEMS1_V9.1.0, X-CUBE-MEMS1_V9.4.0, X-CUBE-MEMS1_V9.6.0, X-CUBE-NFC4_V3.0.0, X-CUBE-NFC7_V1.0.1, X-CUBE-SFXS2LP1_V4.0.0, X-CUBE-SUBG2_V5.0.0, X-CUBE-TOF1_V3.3.1]
2023-12-14 17:42:08,406 [ERROR] DbExamplesSqlite:437 - Missing JSON key: board_cpn
2023-12-14 17:42:08,407 [ERROR] DbExamplesSqlite:437 - Missing JSON key: board_cpn
2023-12-14 17:42:08,407 [ERROR] DbExamplesSqlite:437 - Missing JSON key: board_cpn
2023-12-14 17:42:08,407 [ERROR] DbExamplesSqlite:437 - Missing JSON key: board_cpn
2023-12-14 17:42:08,467 [INFO] DbExamplesSqlite:395 - Ignored 55 examples not supported by CubeIDE
2023-12-14 17:42:08,467 [INFO] DbExamplesSqlite:396 - Found 7548 examples active
2023-12-14 17:42:08,468 [INFO] DbExamplesSqlite:397 - Found 848 examples obsolete
2023-12-14 17:42:08,468 [INFO] DbExamplesSqlite:398 - Found 0 examples under development
2023-12-14 17:42:08,468 [INFO] DbExamplesSqlite:399 - Found 8 examples not building
2023-12-14 17:42:08,470 [INFO] DbExamples:125 - Found 7501 examples
2023-12-14 17:42:08,547 [ERROR] DbExamples:208 - Found 247 examples with invalid data (board or MCU)
2023-12-14 17:42:08,547 [INFO] DbExamples:222 - Found 93 boards with related examples
2023-12-14 17:42:08,549 [INFO] DbExamples:235 - Found 79 MCUs with related examples
2023-12-14 17:42:08,575 [INFO] ApiDb:414 - User favorites file not found: C:\Users\moham/.stm32cubeide/favorites.examples.txt
2023-12-14 17:42:08,575 [INFO] DbExamples:250 - Set 0 / 0 favorites Examples
2023-12-14 17:42:08,941 [INFO] McuFinderGlobals:76 - Set McuFinderConnectedMode to true
2023-12-14 17:42:08,950 [INFO] MultiScanPanel:200 - Auto-refresh data requested => check proxy status ongoing
2023-12-14 17:42:08,954 [INFO] FinderPluginLoader:95 - Searching for filters in installed packs
2023-12-14 17:42:10,773 [INFO] LoadUrlFilesThread:185 - End of LoadServerUrlFiles without Thread
2023-12-14 17:42:10,787 [INFO] DetailPanel:341 - Set advertising image to C:/Users/moham/STM32Cube/Repository/\en.prom-stm32wl3-mcu-finder.jpg
2023-12-14 17:44:49,599 [INFO] McuFinderGlobals:76 - Set McuFinderConnectedMode to true
2023-12-14 17:44:49,607 [INFO] ApiDb:448 - Save user favorites file C:\Users\moham/.stm32cubeide/favorites.mcus.txt: 0 item(s)
2023-12-14 17:44:49,608 [INFO] ApiDb:452 - User favorites MCUs=[]
2023-12-14 18:28:39,801 [ERROR] ConfigurationRetriever:142 - IOException on connection: Connect timed out
2023-12-14 18:28:42,869 [ERROR] ConfigurationRetriever:142 - IOException on connection: Read timed out
2023-12-14 18:28:44,928 [ERROR] ConfigurationRetriever:142 - IOException on connection: Read timed out
2023-12-14 19:06:16,167 [ERROR] ConfigurationRetriever:142 - IOException on connection: Read timed out
2023-12-14 19:34:22,488 [ERROR] ConfigurationRetriever:142 - IOException on connection: Read timed out
2023-12-14 19:34:24,547 [ERROR] ConfigurationRetriever:142 - IOException on connection: Read timed out
2023-12-14 19:34:26,605 [ERROR] ConfigurationRetriever:142 - IOException on connection: Read timed out
2023-12-14 22:12:10,638 [ERROR] ConfigurationRetriever:142 - IOException on connection: Read timed out
2023-12-14 22:12:12,699 [ERROR] ConfigurationRetriever:142 - IOException on connection: Read timed out
2023-12-14 22:12:14,760 [ERROR] ConfigurationRetriever:142 - IOException on connection: Read timed out
2023-12-14 22:41:13,949 [ERROR] LogOutputStream:75 - [STDERR_REDIRECT] 
2023-12-14 22:55:06,765 [INFO] Activator:176 - 


2023-12-14 22:55:06,768 [INFO] Activator:177 - !SESSION log4j initialized
2023-12-14 22:55:12,417 [INFO] LogOutputStream:77 - [STDOUT_REDIRECT] 
2023-12-14 22:55:14,310 [INFO] ApplicationProperties:184 - Using Application install path: D:\Courses\ES\Cube IDE\Install\STM32CubeIDE_1.13.2\STM32CubeIDE\plugins\com.st.stm32cube.common.mx_6.9.2.202309101412
2023-12-14 22:55:14,328 [INFO] DbMcusXml:78 - Set database path to: D:\Courses\ES\Cube IDE\Install\STM32CubeIDE_1.13.2\STM32CubeIDE\plugins\com.st.stm32cube.common.mx_6.9.2.202309101412\\db\/mcu/
2023-12-14 22:55:14,329 [INFO] ApiDb:274 - Set plugin database path to: D:\Courses\ES\Cube IDE\Install\STM32CubeIDE_1.13.2\STM32CubeIDE\plugins\com.st.stm32cube.common.mx_6.9.2.202309101412\\db\/plugins/boardmanager/
2023-12-14 22:55:14,329 [WARN] ApiDb:259 - Overriding images path with different value:  => D:\Courses\ES\Cube IDE\Install\STM32CubeIDE_1.13.2\STM32CubeIDE\plugins\com.st.stm32cube.common.mx_6.9.2.202309101412\\db\/plugins/mcufinder/images/
2023-12-14 22:55:14,339 [INFO] ApiDb:250 - Set database path to: C:\Users\moham\.stmcufinder\plugins\mcufinder//mcu/
2023-12-14 22:55:14,341 [INFO] DbMcusAds:125 - Set database path to: C:\Users\moham\.stmcufinder\plugins\mcufinder//mcu/
2023-12-14 22:55:14,343 [INFO] CrossReferenceDbSqlite:203 - Set database path to: C:\Users\moham\.stmcufinder\plugins\mcufinder//mcu/cs/
2023-12-14 22:55:14,454 [INFO] RulesReader:64 - Compatibility file has been processed (293 Rules)
2023-12-14 22:55:14,557 [INFO] DbMcusXml:78 - Set database path to: D:\Courses\ES\Cube IDE\Install\STM32CubeIDE_1.13.2\STM32CubeIDE\plugins\com.st.stm32cube.common.mx_6.9.2.202309101412\\db\/mcu/
2023-12-14 22:55:14,557 [INFO] ApiDb:274 - Set plugin database path to: D:\Courses\ES\Cube IDE\Install\STM32CubeIDE_1.13.2\STM32CubeIDE\plugins\com.st.stm32cube.common.mx_6.9.2.202309101412\\db\/plugins/boardmanager/
2023-12-14 22:55:14,557 [INFO] ApiDb:261 - Set plugin images path to: D:\Courses\ES\Cube IDE\Install\STM32CubeIDE_1.13.2\STM32CubeIDE\plugins\com.st.stm32cube.common.mx_6.9.2.202309101412\\db\/plugins/mcufinder/images/
2023-12-14 22:55:14,558 [WARN] DbFile:41 - Overriding database path with different value: C:\Users\moham\.stmcufinder\plugins\mcufinder/ => C:\Users\moham\.stmcufinder\plugins\mcufinder
2023-12-14 22:55:14,558 [INFO] ApiDb:250 - Set database path to: C:\Users\moham\.stmcufinder\plugins\mcufinder//mcu/
2023-12-14 22:55:14,558 [WARN] DbFile:41 - Overriding database path with different value: C:\Users\moham\.stmcufinder\plugins\mcufinder/ => C:\Users\moham\.stmcufinder\plugins\mcufinder
2023-12-14 22:55:14,558 [INFO] DbMcusAds:125 - Set database path to: C:\Users\moham\.stmcufinder\plugins\mcufinder//mcu/
2023-12-14 22:55:14,558 [WARN] DbFile:41 - Overriding database path with different value: C:\Users\moham\.stmcufinder\plugins\mcufinder/ => C:\Users\moham\.stmcufinder\plugins\mcufinder
2023-12-14 22:55:14,558 [WARN] DbFile:41 - Overriding database path with different value: C:\Users\moham\.stmcufinder\plugins\mcufinder/ => C:\Users\moham\.stmcufinder\plugins\mcufinder
2023-12-14 22:55:14,558 [INFO] CrossReferenceDbSqlite:203 - Set database path to: C:\Users\moham\.stmcufinder\plugins\mcufinder//mcu/cs/
2023-12-14 22:55:14,655 [INFO] MainPanel:262 - HeapMemory: 268435456
2023-12-14 22:55:14,778 [INFO] DbMcusXml:78 - Set database path to: D:\Courses\ES\Cube IDE\Install\STM32CubeIDE_1.13.2\STM32CubeIDE\plugins\com.st.stm32cube.common.mx_6.9.2.202309101412\\db\/mcu/
2023-12-14 22:55:14,778 [INFO] ApiDb:274 - Set plugin database path to: D:\Courses\ES\Cube IDE\Install\STM32CubeIDE_1.13.2\STM32CubeIDE\plugins\com.st.stm32cube.common.mx_6.9.2.202309101412\\db\/plugins/boardmanager/
2023-12-14 22:55:14,779 [INFO] ApiDb:261 - Set plugin images path to: D:\Courses\ES\Cube IDE\Install\STM32CubeIDE_1.13.2\STM32CubeIDE\plugins\com.st.stm32cube.common.mx_6.9.2.202309101412\\db\/plugins/mcufinder/images/
2023-12-14 22:55:14,779 [WARN] DbFile:41 - Overriding database path with different value: C:\Users\moham\.stmcufinder\plugins\mcufinder/ => C:\Users\moham\.stmcufinder\plugins\mcufinder
2023-12-14 22:55:14,779 [INFO] ApiDb:250 - Set database path to: C:\Users\moham\.stmcufinder\plugins\mcufinder//mcu/
2023-12-14 22:55:14,780 [WARN] DbFile:41 - Overriding database path with different value: C:\Users\moham\.stmcufinder\plugins\mcufinder/ => C:\Users\moham\.stmcufinder\plugins\mcufinder
2023-12-14 22:55:14,780 [INFO] DbMcusAds:125 - Set database path to: C:\Users\moham\.stmcufinder\plugins\mcufinder//mcu/
2023-12-14 22:55:14,780 [WARN] DbFile:41 - Overriding database path with different value: C:\Users\moham\.stmcufinder\plugins\mcufinder/ => C:\Users\moham\.stmcufinder\plugins\mcufinder
2023-12-14 22:55:14,780 [WARN] DbFile:41 - Overriding database path with different value: C:\Users\moham\.stmcufinder\plugins\mcufinder/ => C:\Users\moham\.stmcufinder\plugins\mcufinder
2023-12-14 22:55:14,780 [INFO] CrossReferenceDbSqlite:203 - Set database path to: C:\Users\moham\.stmcufinder\plugins\mcufinder//mcu/cs/
2023-12-14 22:55:14,817 [INFO] ApplicationProperties:184 - Using Application install path: D:\Courses\ES\Cube IDE\Install\STM32CubeIDE_1.13.2\STM32CubeIDE\plugins\com.st.stm32cube.common.mx_6.9.2.202309101412
2023-12-14 22:55:14,819 [INFO] PluginManage:196 - Search for loadable plugins [exclusion list=, ]
2023-12-14 22:55:14,822 [INFO] PluginManage:310 - Check plugin analytics
2023-12-14 22:55:15,052 [INFO] AnalyticsPlugin:253 - Accepted Software Licenses: 
2023-12-14 22:55:15,053 [INFO] AnalyticsPlugin:255 - Accepted CMSIS Pack Licenses: 
2023-12-14 22:55:15,053 [INFO] AnalyticsPlugin:257 - Accepted Firmware Licenses: 
2023-12-14 22:55:15,057 [INFO] PluginManage:359 - Loaded plugin analytics (category:tool,tabindex:-1)
2023-12-14 22:55:15,058 [INFO] PluginManage:310 - Check plugin cadmodel
2023-12-14 22:55:15,063 [INFO] CADModel:105 - Init CAD model plugin
2023-12-14 22:55:15,063 [INFO] PluginManage:359 - Loaded plugin cadmodel (category:power,tabindex:5)
2023-12-14 22:55:15,063 [INFO] PluginManage:310 - Check plugin clock
2023-12-14 22:55:15,074 [INFO] PluginManage:359 - Loaded plugin clock (category:base,tabindex:2)
2023-12-14 22:55:15,075 [INFO] PluginManage:310 - Check plugin ddr
2023-12-14 22:55:15,077 [INFO] PluginManage:359 - Loaded plugin ddr (category:tool,tabindex:6)
2023-12-14 22:55:15,077 [INFO] PluginManage:310 - Check plugin filemanager
2023-12-14 22:55:15,210 [INFO] PluginManage:359 - Loaded plugin filemanager (category:base,tabindex:10)
2023-12-14 22:55:15,210 [INFO] PluginManage:310 - Check plugin ipmanager
2023-12-14 22:55:15,218 [INFO] PluginManage:359 - Loaded plugin ipmanager (category:base,tabindex:5)
2023-12-14 22:55:15,219 [INFO] PluginManage:310 - Check plugin lpbam
2023-12-14 22:55:15,227 [INFO] PluginManage:359 - Loaded plugin lpbam (category:base,tabindex:0)
2023-12-14 22:55:15,227 [INFO] PluginManage:310 - Check plugin memorymap
2023-12-14 22:55:15,237 [INFO] PluginManage:359 - Loaded plugin memorymap (category:base,tabindex:4)
2023-12-14 22:55:15,238 [INFO] PluginManage:310 - Check plugin pinoutandconfiguration
2023-12-14 22:55:15,243 [INFO] PluginManage:359 - Loaded plugin pinoutandconfiguration (category:base,tabindex:1)
2023-12-14 22:55:15,244 [INFO] PluginManage:310 - Check plugin pinoutconfig
2023-12-14 22:55:15,341 [WARN] SupportedApi:132 - Cannot load RTOS API schema: s4s-elt-must-match.1: The content of 'definitions' must match (annotation?, (simpleType | complexType)?, (unique | key | keyref)*)). A problem was found starting at: attribute.
2023-12-14 22:55:15,480 [INFO] PluginManage:359 - Loaded plugin pinoutconfig (category:base,tabindex:0)
2023-12-14 22:55:15,480 [INFO] PluginManage:310 - Check plugin power
2023-12-14 22:55:15,491 [INFO] PluginManage:359 - Loaded plugin power (category:power,tabindex:4)
2023-12-14 22:55:15,491 [INFO] PluginManage:310 - Check plugin projectmanager
2023-12-14 22:55:15,507 [INFO] PluginManage:359 - Loaded plugin projectmanager (category:projectmanager,tabindex:3)
2023-12-14 22:55:15,508 [INFO] PluginManage:310 - Check plugin thirdparty
2023-12-14 22:55:15,645 [WARN] IntegrityCheckThread:84 - waiting for thirdparty lock release [integrity check]
2023-12-14 22:55:15,646 [INFO] PluginManage:359 - Loaded plugin thirdparty (category:base,tabindex:-1)
2023-12-14 22:55:15,646 [INFO] IntegrityCheckThread:86 - entering critical section [integrity check]
2023-12-14 22:55:15,646 [INFO] PluginManage:310 - Check plugin tools
2023-12-14 22:55:15,646 [INFO] ThirdPartyUpdaterWithRetryManager:70 - Updater plugin not ready yet. [1/15]
2023-12-14 22:55:15,650 [INFO] PluginManage:359 - Loaded plugin tools (category:base,tabindex:7)
2023-12-14 22:55:15,650 [INFO] PluginManage:310 - Check plugin tutovideos
2023-12-14 22:55:15,821 [INFO] PluginManage:359 - Loaded plugin tutovideos (category:base,tabindex:-1)
2023-12-14 22:55:15,822 [INFO] PluginManage:310 - Check plugin updater
2023-12-14 22:55:15,834 [INFO] PluginManage:359 - Loaded plugin updater (category:base,tabindex:12)
2023-12-14 22:55:15,834 [INFO] PluginManage:310 - Check plugin userauth
2023-12-14 22:55:15,839 [INFO] UserAuth:113 - Init User Auth plugin
2023-12-14 22:55:15,840 [INFO] PluginManage:359 - Loaded plugin userauth (category:base,tabindex:14)
2023-12-14 22:55:15,841 [INFO] PluginManage:283 - PluginManage : Loaded plugins [17]
2023-12-14 22:55:16,087 [INFO] PinOutPanel:1499 - setPackage(No Configuration,No Configuration)
2023-12-14 22:55:16,204 [INFO] CADModel:165 - CPN selected for project level
2023-12-14 22:55:16,205 [INFO] CADModel:114 - Register for checkConnection events
2023-12-14 22:55:16,220 [INFO] IPUIPlugin:80 - create IPUIPlugin
2023-12-14 22:55:16,220 [INFO] PluginManager:220 - loadIPPluginJar : add adc
2023-12-14 22:55:16,223 [INFO] IPUIPlugin:80 - create IPUIPlugin
2023-12-14 22:55:16,224 [INFO] PluginManager:220 - loadIPPluginJar : add aes
2023-12-14 22:55:16,227 [INFO] IPUIPlugin:80 - create IPUIPlugin
2023-12-14 22:55:16,227 [INFO] PluginManager:220 - loadIPPluginJar : add can
2023-12-14 22:55:16,228 [INFO] IPUIPlugin:80 - create IPUIPlugin
2023-12-14 22:55:16,228 [INFO] PluginManager:220 - loadIPPluginJar : add comp
2023-12-14 22:55:16,230 [INFO] IPUIPlugin:80 - create IPUIPlugin
2023-12-14 22:55:16,231 [INFO] PluginManager:220 - loadIPPluginJar : add cryp
2023-12-14 22:55:16,233 [INFO] IPUIPlugin:80 - create IPUIPlugin
2023-12-14 22:55:16,233 [INFO] PluginManager:220 - loadIPPluginJar : add dfsdm
2023-12-14 22:55:16,238 [INFO] IPUIPlugin:80 - create IPUIPlugin
2023-12-14 22:55:16,238 [INFO] PluginManager:220 - loadIPPluginJar : add dma
2023-12-14 22:55:16,240 [INFO] IPUIPlugin:80 - create IPUIPlugin
2023-12-14 22:55:16,240 [INFO] PluginManager:220 - loadIPPluginJar : add dma3
2023-12-14 22:55:16,242 [INFO] IPUIPlugin:80 - create IPUIPlugin
2023-12-14 22:55:16,242 [INFO] PluginManager:220 - loadIPPluginJar : add fatfs
2023-12-14 22:55:16,246 [INFO] IPUIPlugin:80 - create IPUIPlugin
2023-12-14 22:55:16,246 [INFO] PluginManager:220 - loadIPPluginJar : add fmc
2023-12-14 22:55:16,250 [INFO] IPUIPlugin:80 - create IPUIPlugin
2023-12-14 22:55:16,251 [INFO] PluginManager:220 - loadIPPluginJar : add freertos
2023-12-14 22:55:16,252 [INFO] IPUIPlugin:80 - create IPUIPlugin
2023-12-14 22:55:16,252 [INFO] PluginManager:220 - loadIPPluginJar : add genericplugin
2023-12-14 22:55:16,253 [INFO] IPUIPlugin:80 - create IPUIPlugin
2023-12-14 22:55:16,253 [INFO] PluginManager:220 - loadIPPluginJar : add gfxmmu
2023-12-14 22:55:16,257 [INFO] IPUIPlugin:80 - create IPUIPlugin
2023-12-14 22:55:16,257 [INFO] PluginManager:220 - loadIPPluginJar : add gic
2023-12-14 22:55:16,261 [INFO] IPUIPlugin:80 - create IPUIPlugin
2023-12-14 22:55:16,261 [INFO] PluginManager:220 - loadIPPluginJar : add gpio
2023-12-14 22:55:16,263 [INFO] IPUIPlugin:80 - create IPUIPlugin
2023-12-14 22:55:16,263 [INFO] PluginManager:220 - loadIPPluginJar : add gtzc
2023-12-14 22:55:16,266 [INFO] IPUIPlugin:80 - create IPUIPlugin
2023-12-14 22:55:16,266 [INFO] PluginManager:220 - loadIPPluginJar : add hash
2023-12-14 22:55:16,268 [INFO] IPUIPlugin:80 - create IPUIPlugin
2023-12-14 22:55:16,268 [INFO] PluginManager:220 - loadIPPluginJar : add i2c
2023-12-14 22:55:16,270 [INFO] IPUIPlugin:80 - create IPUIPlugin
2023-12-14 22:55:16,270 [INFO] PluginManager:220 - loadIPPluginJar : add i2s
2023-12-14 22:55:16,273 [INFO] IPUIPlugin:80 - create IPUIPlugin
2023-12-14 22:55:16,273 [INFO] PluginManager:220 - loadIPPluginJar : add i3c
2023-12-14 22:55:16,275 [INFO] IPUIPlugin:80 - create IPUIPlugin
2023-12-14 22:55:16,276 [INFO] PluginManager:220 - loadIPPluginJar : add ipddr
2023-12-14 22:55:16,282 [INFO] IPUIPlugin:80 - create IPUIPlugin
2023-12-14 22:55:16,282 [INFO] PluginManager:220 - loadIPPluginJar : add linkedlist
2023-12-14 22:55:16,285 [INFO] IPUIPlugin:80 - create IPUIPlugin
2023-12-14 22:55:16,285 [INFO] PluginManager:220 - loadIPPluginJar : add lorawan
2023-12-14 22:55:16,286 [INFO] IPUIPlugin:80 - create IPUIPlugin
2023-12-14 22:55:16,287 [INFO] PluginManager:220 - loadIPPluginJar : add ltdc
2023-12-14 22:55:16,291 [INFO] IPUIPlugin:80 - create IPUIPlugin
2023-12-14 22:55:16,292 [INFO] PluginManager:220 - loadIPPluginJar : add mdma
2023-12-14 22:55:16,294 [INFO] IPUIPlugin:80 - create IPUIPlugin
2023-12-14 22:55:16,295 [INFO] PluginManager:220 - loadIPPluginJar : add nvic
2023-12-14 22:55:16,297 [INFO] IPUIPlugin:80 - create IPUIPlugin
2023-12-14 22:55:16,297 [INFO] PluginManager:220 - loadIPPluginJar : add opamp
2023-12-14 22:55:16,299 [INFO] IPUIPlugin:80 - create IPUIPlugin
2023-12-14 22:55:16,299 [INFO] PluginManager:220 - loadIPPluginJar : add openamp
2023-12-14 22:55:16,301 [INFO] IPUIPlugin:80 - create IPUIPlugin
2023-12-14 22:55:16,302 [INFO] PluginManager:220 - loadIPPluginJar : add pdm2pcm
2023-12-14 22:55:16,308 [INFO] IPUIPlugin:80 - create IPUIPlugin
2023-12-14 22:55:16,310 [INFO] PluginManager:220 - loadIPPluginJar : add plateformsettings
2023-12-14 22:55:16,312 [INFO] IPUIPlugin:80 - create IPUIPlugin
2023-12-14 22:55:16,312 [INFO] PluginManager:220 - loadIPPluginJar : add quadspi
2023-12-14 22:55:16,314 [INFO] IPUIPlugin:80 - create IPUIPlugin
2023-12-14 22:55:16,314 [INFO] PluginManager:220 - loadIPPluginJar : add resmgrutility
2023-12-14 22:55:16,317 [INFO] IPUIPlugin:80 - create IPUIPlugin
2023-12-14 22:55:16,318 [INFO] PluginManager:220 - loadIPPluginJar : add sai
2023-12-14 22:55:16,319 [INFO] IPUIPlugin:80 - create IPUIPlugin
2023-12-14 22:55:16,320 [INFO] PluginManager:220 - loadIPPluginJar : add spi
2023-12-14 22:55:16,324 [INFO] IPUIPlugin:80 - create IPUIPlugin
2023-12-14 22:55:16,324 [INFO] PluginManager:220 - loadIPPluginJar : add stm32_wpan
2023-12-14 22:55:16,326 [INFO] IPUIPlugin:80 - create IPUIPlugin
2023-12-14 22:55:16,326 [INFO] PluginManager:220 - loadIPPluginJar : add tim
2023-12-14 22:55:16,330 [INFO] IPUIPlugin:80 - create IPUIPlugin
2023-12-14 22:55:16,330 [INFO] PluginManager:220 - loadIPPluginJar : add touchsensing
2023-12-14 22:55:16,331 [INFO] IPUIPlugin:80 - create IPUIPlugin
2023-12-14 22:55:16,331 [INFO] PluginManager:220 - loadIPPluginJar : add tracer_emb
2023-12-14 22:55:16,333 [INFO] IPUIPlugin:80 - create IPUIPlugin
2023-12-14 22:55:16,333 [INFO] PluginManager:220 - loadIPPluginJar : add ts
2023-12-14 22:55:16,334 [INFO] IPUIPlugin:80 - create IPUIPlugin
2023-12-14 22:55:16,335 [INFO] PluginManager:220 - loadIPPluginJar : add tsc
2023-12-14 22:55:16,336 [INFO] IPUIPlugin:80 - create IPUIPlugin
2023-12-14 22:55:16,336 [INFO] PluginManager:220 - loadIPPluginJar : add ucpd
2023-12-14 22:55:16,339 [INFO] IPUIPlugin:80 - create IPUIPlugin
2023-12-14 22:55:16,339 [INFO] PluginManager:220 - loadIPPluginJar : add usart
2023-12-14 22:55:16,341 [INFO] IPUIPlugin:80 - create IPUIPlugin
2023-12-14 22:55:16,341 [INFO] PluginManager:220 - loadIPPluginJar : add usbx
2023-12-14 22:55:16,482 [INFO] CADModel:165 - CPN selected for project level
2023-12-14 22:55:16,482 [INFO] CADModel:114 - Register for checkConnection events
2023-12-14 22:55:16,482 [FATAL] Updater:308 - Updater called before beeing initialized
2023-12-14 22:55:16,483 [ERROR] CADModel:125 - Updater not yet initialized, retry later 
2023-12-14 22:55:16,636 [INFO] CADModel:165 - CPN selected for project level
2023-12-14 22:55:16,636 [INFO] CADModel:114 - Register for checkConnection events
2023-12-14 22:55:16,636 [FATAL] Updater:308 - Updater called before beeing initialized
2023-12-14 22:55:16,636 [ERROR] CADModel:125 - Updater not yet initialized, retry later 
2023-12-14 22:55:16,639 [FATAL] Updater:308 - Updater called before beeing initialized
2023-12-14 22:55:16,758 [FATAL] Updater:308 - Updater called before beeing initialized
2023-12-14 22:55:16,764 [INFO] DbMcusAds:53 - JSON generation date=Wed Nov 29 12:52:27 EET 2023 (1701255147349)
2023-12-14 22:55:16,764 [FATAL] Updater:308 - Updater called before beeing initialized
2023-12-14 22:55:16,803 [WARN] DetailPanel:346 - Failed to get advertising image, set to default
2023-12-14 22:55:16,908 [FATAL] Updater:308 - Updater called before beeing initialized
2023-12-14 22:55:16,910 [FATAL] Updater:308 - Updater called before beeing initialized
2023-12-14 22:55:16,910 [FATAL] Updater:308 - Updater called before beeing initialized
2023-12-14 22:55:16,910 [WARN] DetailPanel:346 - Failed to get advertising image, set to default
2023-12-14 22:55:16,912 [FATAL] Updater:308 - Updater called before beeing initialized
2023-12-14 22:55:16,972 [ERROR] Updater:1120 - MainUpdater not yet initialized. External WinMGr cannot be set.
2023-12-14 22:55:16,974 [INFO] Updater:1056 - Updater Version found : 6.9.2
2023-12-14 22:55:16,989 [INFO] ApplicationProperties:184 - Using Application install path: D:\Courses\ES\Cube IDE\Install\STM32CubeIDE_1.13.2\STM32CubeIDE\plugins\com.st.stm32cube.common.mx_6.9.2.202309101412
2023-12-14 22:55:17,219 [INFO] MainUpdater:2868 - connection check result : 10
2023-12-14 22:55:17,220 [INFO] MainUpdater:285 - Updater Check For Update Now.
2023-12-14 22:55:17,220 [INFO] MicroXplorer:498 - Change Database Version : DB.6.0.92
2023-12-14 22:55:17,226 [INFO] McuFinderGlobals:63 - Set McuFinder mode to 2 (CubeIDE integrated)
2023-12-14 22:55:17,227 [INFO] UserAuth:179 - activating auth plugin
2023-12-14 22:55:17,230 [INFO] UserAuth:393 - Internet connection configuration mode: 1
2023-12-14 22:55:17,264 [INFO] JxBrowserEngine:151 - Initiate JxBrowser Engine with user profile folder
2023-12-14 22:55:17,469 [INFO] CheckServerUpdateThread:120 - End of CheckServer Thread
2023-12-14 22:55:18,086 [INFO] WebApp:157 - Instantiating new browser for Auth
2023-12-14 22:55:18,615 [INFO] WebApp:753 - Register for checkConnection events
2023-12-14 22:55:18,616 [INFO] WebApp:390 - Apply proxy settings
2023-12-14 22:55:18,616 [INFO] WebApp:475 - Chromium requires no authentication
2023-12-14 22:55:18,622 [INFO] WebApp:418 - Direct internet connection detected
2023-12-14 22:55:18,834 [INFO] WebApp:188 - Starting web application
2023-12-14 22:55:18,834 [INFO] WebApp:520 - Web application path used D:\Courses\ES\Cube IDE\Install\STM32CubeIDE_1.13.2\STM32CubeIDE\plugins\com.st.stm32cube.common.mx_6.9.2.202309101412\db\plugins\mcufinder\reactClient1\index.html
2023-12-14 22:55:18,868 [WARN] PackLoader:240 - Cannot read IP mode file for STMicroelectronics.X-CUBE-SMBUS.2.1.0
2023-12-14 22:55:18,919 [WARN] PackLoader:240 - Cannot read IP mode file for STMicroelectronics.X-CUBE-AZRTOS-F7.1.1.0
2023-12-14 22:55:18,933 [WARN] PackLoader:240 - Cannot read IP mode file for STMicroelectronics.FP-SNS-MOTENV1.4.3.2
2023-12-14 22:55:18,945 [WARN] PackLoader:240 - Cannot read IP mode file for STMicroelectronics.FP-SNS-FLIGHT1.5.0.2
2023-12-14 22:55:18,959 [WARN] PackLoader:240 - Cannot read IP mode file for STMicroelectronics.X-CUBE-DISPLAY.3.0.0
2023-12-14 22:55:18,982 [WARN] PackLoader:240 - Cannot read IP mode file for STMicroelectronics.X-CUBE-BLE1.7.0.0
2023-12-14 22:55:18,993 [WARN] PackLoader:240 - Cannot read IP mode file for emotas.I-CUBE-CANOPEN.1.3.0
2023-12-14 22:55:19,002 [WARN] PackLoader:240 - Cannot read IP mode file for STMicroelectronics.X-CUBE-TOUCHGFX.4.22.1
2023-12-14 22:55:19,010 [WARN] PackLoader:240 - Cannot read IP mode file for STMicroelectronics.FP-SNS-SMARTAG2.1.2.0
2023-12-14 22:55:19,032 [INFO] LogOutputStream:77 - [STDOUT_REDIRECT] 1 : Invalid condition id : UX_CORESTACK_Condition cause : null
2023-12-14 22:55:19,033 [INFO] LogOutputStream:77 - [STDOUT_REDIRECT] 1 : Invalid condition id : UX_CORESTACK_Condition cause : null
2023-12-14 22:55:19,036 [INFO] LogOutputStream:77 - [STDOUT_REDIRECT] 1 : Invalid condition id : UX_CORESTACK_Condition cause : null
2023-12-14 22:55:19,039 [INFO] LogOutputStream:77 - [STDOUT_REDIRECT] 1 : Invalid condition id : UX_CORESTACK_Condition cause : null
2023-12-14 22:55:19,046 [INFO] LogOutputStream:77 - [STDOUT_REDIRECT] 1 : Invalid condition id : UX_CORESTACK_Condition cause : null
2023-12-14 22:55:19,054 [WARN] PackLoader:240 - Cannot read IP mode file for STMicroelectronics.X-CUBE-AZRTOS-WL.2.0.0
2023-12-14 22:55:19,077 [WARN] PackLoader:240 - Cannot read IP mode file for WES.I-CUBE-Cesium.1.3.0
2023-12-14 22:55:19,086 [WARN] PackLoader:240 - Cannot read IP mode file for STMicroelectronics.X-CUBE-BLE2.3.3.0
2023-12-14 22:55:19,099 [WARN] PackLoader:240 - Cannot read IP mode file for STMicroelectronics.X-CUBE-ALGOBUILD.1.3.0
2023-12-14 22:55:19,134 [WARN] PackLoader:240 - Cannot read IP mode file for STMicroelectronics.X-CUBE-AZRTOS-G0.1.1.0
2023-12-14 22:55:19,160 [WARN] PackLoader:240 - Cannot read IP mode file for STMicroelectronics.X-CUBE-NFC4.3.0.0
2023-12-14 22:55:19,184 [WARN] PackLoader:240 - Cannot read IP mode file for STMicroelectronics.X-CUBE-BLEMGR.3.0.0
2023-12-14 22:55:19,195 [WARN] PackLoader:240 - Cannot read IP mode file for STMicroelectronics.FP-ATR-SIGFOX1.3.2.0
2023-12-14 22:55:19,203 [WARN] PackLoader:240 - Cannot read IP mode file for STMicroelectronics.X-CUBE-GNSS1.6.0.0
2023-12-14 22:55:19,232 [WARN] PackLoader:240 - Cannot read IP mode file for STMicroelectronics.X-CUBE-AZRTOS-F4.1.1.0
2023-12-14 22:55:19,244 [WARN] PackLoader:240 - Cannot read IP mode file for wolfSSL.I-CUBE-wolfSSL.5.6.3
2023-12-14 22:55:19,269 [WARN] PackLoader:240 - Cannot read IP mode file for STMicroelectronics.X-CUBE-AZRTOS-L5.2.0.0
2023-12-14 22:55:19,281 [WARN] PackLoader:240 - Cannot read IP mode file for STMicroelectronics.X-CUBE-EEPRMA1.4.2.0
2023-12-14 22:55:19,290 [WARN] PackLoader:240 - Cannot read IP mode file for ITTIA_DB.I-CUBE-ITTIADB.8.8.0
2023-12-14 22:55:19,317 [WARN] ConditionMgr:438 - getConditionDescription Invalid condition id : UX DEVICE CLASS RTOS Condition cause : null
2023-12-14 22:55:19,318 [WARN] ConditionMgr:438 - getConditionDescription Invalid condition id : UX DEVICE CLASS RTOS Condition cause : null
2023-12-14 22:55:19,323 [WARN] PackLoader:240 - Cannot read IP mode file for STMicroelectronics.X-CUBE-AZRTOS-H7.3.1.0
2023-12-14 22:55:19,325 [WARN] ConditionMgr:1039 - genDependencies : Invalid condition id : UX DEVICE CLASS RTOS Condition cause : null
2023-12-14 22:55:19,326 [WARN] ConditionMgr:1039 - genDependencies : Invalid condition id : UX DEVICE CLASS RTOS Condition cause : null
2023-12-14 22:55:19,327 [WARN] ConditionMgr:1039 - genDependencies : Invalid condition id : UX DEVICE CLASS RTOS Condition cause : null
2023-12-14 22:55:19,328 [WARN] ConditionMgr:1039 - genDependencies : Invalid condition id : UX DEVICE CLASS RTOS Condition cause : null
2023-12-14 22:55:19,328 [WARN] ConditionMgr:1039 - genDependencies : Invalid condition id : UX DEVICE CLASS RTOS Condition cause : null
2023-12-14 22:55:19,339 [WARN] PackLoader:240 - Cannot read IP mode file for STMicroelectronics.X-CUBE-NFC7.1.0.1
2023-12-14 22:55:19,350 [WARN] PackLoader:240 - Cannot read IP mode file for STMicroelectronics.X-CUBE-NFC6.3.0.0
2023-12-14 22:55:19,359 [WARN] PackLoader:240 - Cannot read IP mode file for STMicroelectronics.X-CUBE-AI.8.1.0
2023-12-14 22:55:19,387 [WARN] ConditionMgr:438 - getConditionDescription Invalid condition id : LAN8742 Phy interface Condition cause : null
2023-12-14 22:55:19,388 [WARN] PackLoader:240 - Cannot read IP mode file for STMicroelectronics.X-CUBE-AZRTOS-L4.2.0.0
2023-12-14 22:55:19,390 [WARN] ConditionMgr:1039 - genDependencies : Invalid condition id : LAN8742 Phy interface Condition cause : null
2023-12-14 22:55:19,390 [WARN] ConditionMgr:1039 - genDependencies : Invalid condition id : LAN8742 Phy interface Condition cause : null
2023-12-14 22:55:19,391 [WARN] ConditionMgr:1039 - genDependencies : Invalid condition id : LAN8742 Phy interface Condition cause : null
2023-12-14 22:55:19,402 [WARN] PackLoader:240 - Cannot read IP mode file for STMicroelectronics.X-CUBE-SFXS2LP1.4.0.0
2023-12-14 22:55:19,411 [WARN] PackLoader:240 - Cannot read IP mode file for STMicroelectronics.X-CUBE-ISPU.1.1.0
2023-12-14 22:55:19,426 [WARN] ConditionMgr:438 - getConditionDescription Invalid condition id : UX DEVICE CLASS RTOS Condition cause : null
2023-12-14 22:55:19,426 [WARN] ConditionMgr:438 - getConditionDescription Invalid condition id : UX DEVICE CLASS RTOS Condition cause : null
2023-12-14 22:55:19,429 [WARN] PackLoader:240 - Cannot read IP mode file for STMicroelectronics.X-CUBE-AZRTOS-WB.2.0.0
2023-12-14 22:55:19,430 [WARN] ConditionMgr:1039 - genDependencies : Invalid condition id : UX DEVICE CLASS RTOS Condition cause : null
2023-12-14 22:55:19,430 [WARN] ConditionMgr:1039 - genDependencies : Invalid condition id : UX DEVICE CLASS RTOS Condition cause : null
2023-12-14 22:55:19,431 [WARN] ConditionMgr:1039 - genDependencies : Invalid condition id : UX DEVICE CLASS RTOS Condition cause : null
2023-12-14 22:55:19,431 [WARN] ConditionMgr:1039 - genDependencies : Invalid condition id : UX DEVICE CLASS RTOS Condition cause : null
2023-12-14 22:55:19,431 [WARN] ConditionMgr:1039 - genDependencies : Invalid condition id : UX DEVICE CLASS RTOS Condition cause : null
2023-12-14 22:55:19,441 [WARN] PackLoader:240 - Cannot read IP mode file for STMicroelectronics.X-CUBE-SUBG2.5.0.0
2023-12-14 22:55:19,458 [WARN] PackLoader:240 - Cannot read IP mode file for STMicroelectronics.X-CUBE-TOF1.3.3.1
2023-12-14 22:55:19,483 [WARN] PackLoader:240 - Cannot read IP mode file for STMicroelectronics.X-CUBE-AZRTOS-G4.2.0.0
2023-12-14 22:55:19,499 [WARN] PackLoader:240 - Cannot read IP mode file for Infineon.AIROC-Wi-Fi-Bluetooth-STM32.1.5.1
2023-12-14 22:55:19,509 [WARN] PackLoader:240 - Cannot read IP mode file for STMicroelectronics.FP-SNS-MOTENVWB1.1.3.0
2023-12-14 22:55:19,513 [WARN] PackLoader:240 - Cannot read IP mode file for STMicroelectronics.FP-SNS-MOTENVWB1.1.3.1
2023-12-14 22:55:19,517 [WARN] PackLoader:240 - Cannot read IP mode file for STMicroelectronics.X-CUBE-ISPU.2.0.0
2023-12-14 22:55:19,579 [WARN] PackLoader:240 - Cannot read IP mode file for STMicroelectronics.X-CUBE-MEMS1.10.0.0
2023-12-14 22:55:19,709 [WARN] PackLoader:240 - Cannot read IP mode file for STMicroelectronics.X-CUBE-FREERTOS.1.1.0
2023-12-14 22:55:19,715 [WARN] PackLoader:240 - Cannot read IP mode file for portGmbH.I-Cube-SoM-uGOAL.1.1.0
2023-12-14 22:55:19,719 [WARN] PackLoader:240 - Cannot read IP mode file for STMicroelectronics.X-CUBE-ALS.1.0.1
2023-12-14 22:55:19,724 [WARN] PackLoader:240 - Cannot read IP mode file for STMicroelectronics.FP-ATR-ASTRA1.2.0.0
2023-12-14 22:55:19,734 [WARN] PackLoader:240 - Cannot read IP mode file for STMicroelectronics.X-CUBE-TOF1.3.4.0
2023-12-14 22:55:19,758 [WARN] PackLoader:240 - Cannot read IP mode file for STMicroelectronics.X-CUBE-AZRTOS-H7.3.2.0
2023-12-14 22:55:19,761 [INFO] ThirdParty:978 - Integrity check success = true
2023-12-14 22:55:19,762 [INFO] IntegrityCheckThread:100 - exiting critical section [integrity check]
2023-12-14 22:55:19,762 [INFO] IntegrityCheckThread:103 - End integrity checks thread
